2002-06-29 11:23:16,332;cj267738-c;aaa772IMoK18e0;User 'ace' (ace) is now authenticated for Session ID 'aaa772IMoK18e0'
2002-06-29 11:23:16,332;cj267738-c;aaa772IMoK18e0;User 'ace' has permissions {2, 3, 4, 5, 6, 7, 9}
2002-06-29 11:23:16,332;cj267738-c;aaa772IMoK18e0;User 'ace' has role /role/super-user
2002-06-29 11:24:37,989;cj267738-c;aaa772IMoK18e0;User 'ace' (ace) is now authenticated for Session ID 'aaa772IMoK18e0'
2002-06-29 11:24:37,989;cj267738-c;aaa772IMoK18e0;User 'ace' has permissions {2, 3, 4, 5, 6, 7, 9}
2002-06-29 11:24:37,999;cj267738-c;aaa772IMoK18e0;User 'ace' has role /role/super-user
2002-06-29 12:59:11,357;cj267738-c;aaa772IMoK18e0;User 'ace' (ace) is now authenticated for Session ID 'aaa772IMoK18e0'
2002-06-29 12:59:11,357;cj267738-c;aaa772IMoK18e0;User 'ace' has permissions {2, 3, 4, 5, 6, 7, 9}
2002-06-29 12:59:11,367;cj267738-c;aaa772IMoK18e0;User 'ace' has role /role/super-user
2002-06-29 13:09:37,067;cj267738-c;aaa772IMoK18e0;User 'ace' (ace) is now authenticated for Session ID 'aaa772IMoK18e0'
2002-06-29 13:09:37,067;cj267738-c;aaa772IMoK18e0;User 'ace' has permissions {2, 3, 4, 5, 6, 7, 9}
2002-06-29 13:09:37,067;cj267738-c;aaa772IMoK18e0;User 'ace' has role /role/super-user
2002-06-29 13:15:12,739;cj267738-c;aaa772IMoK18e0;User 'ace' (ace) is now authenticated for Session ID 'aaa772IMoK18e0'
2002-06-29 13:15:12,739;cj267738-c;aaa772IMoK18e0;User 'ace' has permissions {2, 3, 4, 5, 6, 7, 9}
2002-06-29 13:15:12,739;cj267738-c;aaa772IMoK18e0;User 'ace' has role /role/super-user
2002-06-29 14:19:25,169;cj267738-c;aaa772IMoK18e0;User 'ace' (ace) is now authenticated for Session ID 'aaa772IMoK18e0'
2002-06-29 14:19:25,169;cj267738-c;aaa772IMoK18e0;User 'ace' has permissions {2, 3, 4, 5, 6, 7, 9}
2002-06-29 14:19:25,179;cj267738-c;aaa772IMoK18e0;User 'ace' has role /role/super-user
2002-06-29 14:59:17,238;cj267738-c;aaa772IMoK18e0;User 'ace' (ace) is now authenticated for Session ID 'aaa772IMoK18e0'
2002-06-29 14:59:17,238;cj267738-c;aaa772IMoK18e0;User 'ace' has permissions {2, 3, 4, 5, 6, 7, 9}
2002-06-29 14:59:17,238;cj267738-c;aaa772IMoK18e0;User 'ace' has role /role/super-user
2002-06-29 15:00:15,092;cj267738-c;aaa772IMoK18e0;User 'ace' (ace) is now authenticated for Session ID 'aaa772IMoK18e0'
2002-06-29 15:00:15,092;cj267738-c;aaa772IMoK18e0;User 'ace' has permissions {2, 3, 4, 5, 6, 7, 9}
2002-06-29 15:00:15,102;cj267738-c;aaa772IMoK18e0;User 'ace' has role /role/super-user
2002-06-29 20:15:48,597;cj267738-c;aaa772IMoK18e0;User 'ace' (ace) is now authenticated for Session ID 'aaa772IMoK18e0'
2002-06-29 20:15:48,597;cj267738-c;aaa772IMoK18e0;User 'ace' has permissions {2, 3, 4, 5, 6, 7, 9}
2002-06-29 20:15:48,597;cj267738-c;aaa772IMoK18e0;User 'ace' has role /role/super-user
2002-06-29 21:00:22,882;cj267738-c;aaa772IMoK18e0;User 'ace' (ace) is now authenticated for Session ID 'aaa772IMoK18e0'
2002-06-29 21:00:22,892;cj267738-c;aaa772IMoK18e0;User 'ace' has permissions {2, 3, 4, 5, 6, 7, 9}
2002-06-29 21:00:22,892;cj267738-c;aaa772IMoK18e0;User 'ace' has role /role/super-user
2002-06-29 21:29:57,013;cj267738-c;aaa772IMoK18e0;User '0' (null) is now authenticated for Session ID 'aaa772IMoK18e0'
2002-06-29 21:29:57,023;cj267738-c;aaa772IMoK18e0;User '0' has permissions {2, 3, 4, 5, 6, 7, 9}
2002-06-29 21:29:57,023;cj267738-c;aaa772IMoK18e0;User '0' has role /role/super-user
2002-06-30 12:40:21,125;cj267738-c;aaa-XXi56iSRHL;User 'ace' (ace) is now authenticated for Session ID 'aaa-XXi56iSRHL'
2002-06-30 12:40:21,145;cj267738-c;aaa-XXi56iSRHL;User 'ace' has permissions {2, 3, 4, 5, 6, 7, 9}
2002-06-30 12:40:21,145;cj267738-c;aaa-XXi56iSRHL;User 'ace' has role /role/super-user
2002-06-30 13:03:04,966;cj267738-c;aaa-XXi56iSRHL;User 'ace' (ace) is now authenticated for Session ID 'aaa-XXi56iSRHL'
2002-06-30 13:03:04,966;cj267738-c;aaa-XXi56iSRHL;User 'ace' has permissions {2, 3, 4, 5, 6, 7, 9}
2002-06-30 13:03:04,966;cj267738-c;aaa-XXi56iSRHL;User 'ace' has role /role/super-user
2002-06-30 13:04:11,782;cj267738-c;aaa-XXi56iSRHL;User 'ace' (ace) is now authenticated for Session ID 'aaa-XXi56iSRHL'
2002-06-30 13:04:11,792;cj267738-c;aaa-XXi56iSRHL;User 'ace' has permissions {2, 3, 4, 5, 6, 7, 9}
2002-06-30 13:04:11,792;cj267738-c;aaa-XXi56iSRHL;User 'ace' has role /role/super-user
2002-06-30 13:05:47,620;cj267738-c;aaa-XXi56iSRHL;User 'ace' (ace) is now authenticated for Session ID 'aaa-XXi56iSRHL'
2002-06-30 13:05:47,620;cj267738-c;aaa-XXi56iSRHL;User 'ace' has permissions {2, 3, 4, 5, 6, 7, 9}
2002-06-30 13:05:47,620;cj267738-c;aaa-XXi56iSRHL;User 'ace' has role /role/super-user
2002-06-30 13:32:19,729;cj267738-c;aaa-XXi56iSRHL;User 'ace' (ace) is now authenticated for Session ID 'aaa-XXi56iSRHL'
2002-06-30 13:32:19,739;cj267738-c;aaa-XXi56iSRHL;User 'ace' has permissions {2, 3, 4, 5, 6, 7, 9}
2002-06-30 13:32:19,739;cj267738-c;aaa-XXi56iSRHL;User 'ace' has role /role/super-user
2002-06-30 13:35:52,235;cj267738-c;aaa-XXi56iSRHL;User 'ace' (ace) is now authenticated for Session ID 'aaa-XXi56iSRHL'
2002-06-30 13:35:52,235;cj267738-c;aaa-XXi56iSRHL;User 'ace' has permissions {2, 3, 4, 5, 6, 7, 9}
2002-06-30 13:35:52,235;cj267738-c;aaa-XXi56iSRHL;User 'ace' has role /role/super-user
2002-06-30 13:39:23,078;cj267738-c;aaa-XXi56iSRHL;User 'ace' (ace) is now authenticated for Session ID 'aaa-XXi56iSRHL'
2002-06-30 13:39:23,078;cj267738-c;aaa-XXi56iSRHL;User 'ace' has permissions {2, 3, 4, 5, 6, 7, 9}
2002-06-30 13:39:23,078;cj267738-c;aaa-XXi56iSRHL;User 'ace' has role /role/super-user
2002-06-30 13:54:43,652;cj267738-c;aaa-XXi56iSRHL;User 'ace' (ace) is now authenticated for Session ID 'aaa-XXi56iSRHL'
2002-06-30 13:54:43,652;cj267738-c;aaa-XXi56iSRHL;User 'ace' has permissions {2, 3, 4, 5, 6, 7, 9}
2002-06-30 13:54:43,652;cj267738-c;aaa-XXi56iSRHL;User 'ace' has role /role/super-user
2002-06-30 13:54:43,662;cj267738-c;aaa-XXi56iSRHL;User 'ace' (ace) is now authenticated for Session ID 'aaa-XXi56iSRHL'
2002-06-30 13:54:43,662;cj267738-c;aaa-XXi56iSRHL;User 'ace' has permissions {2, 3, 4, 5, 6, 7, 9}
2002-06-30 13:54:43,662;cj267738-c;aaa-XXi56iSRHL;User 'ace' has role /role/super-user
2002-06-30 17:35:08,958;cj267738-c;aaaarqHrWl5LHF;User '0' (null) is now authenticated for Session ID 'aaaarqHrWl5LHF'
2002-06-30 17:35:08,968;cj267738-c;aaaarqHrWl5LHF;User '0' has permissions {2, 3, 4, 5, 6, 7, 9}
2002-06-30 17:35:08,968;cj267738-c;aaaarqHrWl5LHF;User '0' has role /role/super-user
2002-06-30 17:45:30,522;cj267738-c;aaaarqHrWl5LHF;User '0' (null) is now authenticated for Session ID 'aaaarqHrWl5LHF'
2002-06-30 17:45:30,522;cj267738-c;aaaarqHrWl5LHF;User '0' has permissions {2, 3, 4, 5, 6, 7, 9}
2002-06-30 17:45:30,522;cj267738-c;aaaarqHrWl5LHF;User '0' has role /role/super-user
2002-06-30 17:51:04,993;cj267738-c;aaaarqHrWl5LHF;User '0' (null) is now authenticated for Session ID 'aaaarqHrWl5LHF'
2002-06-30 17:51:04,993;cj267738-c;aaaarqHrWl5LHF;User '0' has permissions {2, 3, 4, 5, 6, 7, 9}
2002-06-30 17:51:04,993;cj267738-c;aaaarqHrWl5LHF;User '0' has role /role/super-user
2002-06-30 17:52:01,524;cj267738-c;aaaarqHrWl5LHF;User '0' (null) is now authenticated for Session ID 'aaaarqHrWl5LHF'
2002-06-30 17:52:01,524;cj267738-c;aaaarqHrWl5LHF;User '0' has permissions {2, 3, 4, 5, 6, 7, 9}
2002-06-30 17:52:01,524;cj267738-c;aaaarqHrWl5LHF;User '0' has role /role/super-user
2002-06-30 17:58:58,384;cj267738-c;aaaarqHrWl5LHF;User '0' (null) is now authenticated for Session ID 'aaaarqHrWl5LHF'
2002-06-30 17:58:58,384;cj267738-c;aaaarqHrWl5LHF;User '0' has permissions {2, 3, 4, 5, 6, 7, 9}
2002-06-30 17:58:58,384;cj267738-c;aaaarqHrWl5LHF;User '0' has role /role/super-user
2002-06-30 18:21:20,994;cj267738-c;aaaarqHrWl5LHF;User '0' (null) is now authenticated for Session ID 'aaaarqHrWl5LHF'
2002-06-30 18:21:20,994;cj267738-c;aaaarqHrWl5LHF;User '0' has permissions {2, 3, 4, 5, 6, 7, 9}
2002-06-30 18:21:20,994;cj267738-c;aaaarqHrWl5LHF;User '0' has role /role/super-user
2002-06-30 20:04:41,060;cj267738-c;aaaarqHrWl5LHF;User '0' (null) is now authenticated for Session ID 'aaaarqHrWl5LHF'
2002-06-30 20:04:41,060;cj267738-c;aaaarqHrWl5LHF;User '0' has permissions {2, 3, 4, 5, 6, 7, 9}
2002-06-30 20:04:41,060;cj267738-c;aaaarqHrWl5LHF;User '0' has role /role/super-user
2002-06-30 20:39:06,079;cj267738-c;aaa8WmJnxIsiqj;User 'ace' (ace) is now authenticated for Session ID 'aaa8WmJnxIsiqj'
2002-06-30 20:39:06,079;cj267738-c;aaa8WmJnxIsiqj;User 'ace' has permissions {2, 3, 4, 5, 6, 7, 9}
2002-06-30 20:39:06,079;cj267738-c;aaa8WmJnxIsiqj;User 'ace' has role /role/super-user
2002-06-30 20:49:16,507;cj267738-c;aaa8WmJnxIsiqj;User 'ace' (ace) is now authenticated for Session ID 'aaa8WmJnxIsiqj'
2002-06-30 20:49:16,507;cj267738-c;aaa8WmJnxIsiqj;User 'ace' has permissions {2, 3, 4, 5, 6, 7, 9}
2002-06-30 20:49:16,507;cj267738-c;aaa8WmJnxIsiqj;User 'ace' has role /role/super-user
2002-06-30 21:08:15,705;cj267738-c;aaa8WmJnxIsiqj aaa8WmJnxIsiqj aaa8WmJnxIsiqj aaa8WmJnxIsiqj aaa8WmJnxIsiqj;User '0' (null) is now authenticated for Session ID 'aaa8WmJnxIsiqj'
2002-06-30 21:08:15,705;cj267738-c;aaa8WmJnxIsiqj aaa8WmJnxIsiqj aaa8WmJnxIsiqj aaa8WmJnxIsiqj aaa8WmJnxIsiqj;User '0' has permissions {2, 3, 4, 5, 6, 7, 9}
2002-06-30 21:08:15,705;cj267738-c;aaa8WmJnxIsiqj aaa8WmJnxIsiqj aaa8WmJnxIsiqj aaa8WmJnxIsiqj aaa8WmJnxIsiqj;User '0' has role /role/super-user
2002-06-30 21:53:53,952;cj267738-c;aaa8WmJnxIsiqj;User '0' (null) is now authenticated for Session ID 'aaa8WmJnxIsiqj'
2002-06-30 21:53:53,962;cj267738-c;aaa8WmJnxIsiqj;User '0' has permissions {2, 3, 4, 5, 6, 7, 9}
2002-06-30 21:53:53,962;cj267738-c;aaa8WmJnxIsiqj;User '0' has role /role/super-user
2002-06-30 21:55:34,367;cj267738-c;aaa8WmJnxIsiqj;User 'ace' (ace) is now authenticated for Session ID 'aaa8WmJnxIsiqj'
2002-06-30 21:55:34,367;cj267738-c;aaa8WmJnxIsiqj;User 'ace' has permissions {2, 3, 4, 5, 6, 7, 9}
2002-06-30 21:55:34,367;cj267738-c;aaa8WmJnxIsiqj;User 'ace' has role /role/super-user
2002-06-30 21:56:44,908;cj267738-c;aaa8WmJnxIsiqj;User 'ace' (ace) is now authenticated for Session ID 'aaa8WmJnxIsiqj'
2002-06-30 21:56:44,918;cj267738-c;aaa8WmJnxIsiqj;User 'ace' has permissions {2, 3, 4, 5, 6, 7, 9}
2002-06-30 21:56:44,918;cj267738-c;aaa8WmJnxIsiqj;User 'ace' has role /role/super-user
2002-06-30 22:44:44,479;cj267738-c;aaa8WmJnxIsiqj;User 'ace' (ace) is now authenticated for Session ID 'aaa8WmJnxIsiqj'
2002-06-30 22:44:44,479;cj267738-c;aaa8WmJnxIsiqj;User 'ace' has permissions {2, 3, 4, 5, 6, 7, 9}
2002-06-30 22:44:44,479;cj267738-c;aaa8WmJnxIsiqj;User 'ace' has role /role/super-user
2002-06-30 22:50:56,263;cj267738-c;aaa8WmJnxIsiqj;User 'ace' (ace) is now authenticated for Session ID 'aaa8WmJnxIsiqj'
2002-06-30 22:50:56,263;cj267738-c;aaa8WmJnxIsiqj;User 'ace' has permissions {2, 3, 4, 5, 6, 7, 9}
2002-06-30 22:50:56,273;cj267738-c;aaa8WmJnxIsiqj;User 'ace' has role /role/super-user
2002-06-30 23:13:12,805;cj267738-c;aaa8WmJnxIsiqj aaa8WmJnxIsiqj;User '0' (null) is now authenticated for Session ID 'aaa8WmJnxIsiqj'
2002-06-30 23:13:12,805;cj267738-c;aaa8WmJnxIsiqj aaa8WmJnxIsiqj;User '0' has permissions {2, 3, 4, 5, 6, 7, 9}
2002-06-30 23:13:12,805;cj267738-c;aaa8WmJnxIsiqj aaa8WmJnxIsiqj;User '0' has role /role/super-user
2002-06-30 23:20:04,968;cj267738-c;aaaarqHrWl5LHF;User '0' (null) is now authenticated for Session ID 'aaaarqHrWl5LHF'
2002-06-30 23:20:04,968;cj267738-c;aaaarqHrWl5LHF;User '0' has permissions {2, 3, 4, 5, 6, 7, 9}
2002-06-30 23:20:04,968;cj267738-c;aaaarqHrWl5LHF;User '0' has role /role/super-user
2002-06-30 23:29:40,766;cj267738-c;aaa8WmJnxIsiqj aaa8WmJnxIsiqj aaaarqHrWl5LHF;User 'ace' (ace) is now authenticated for Session ID 'aaaarqHrWl5LHF'
2002-06-30 23:29:40,766;cj267738-c;aaa8WmJnxIsiqj aaa8WmJnxIsiqj aaaarqHrWl5LHF;User 'ace' has permissions {2, 3, 4, 5, 6, 7, 9}
2002-06-30 23:29:40,766;cj267738-c;aaa8WmJnxIsiqj aaa8WmJnxIsiqj aaaarqHrWl5LHF;User 'ace' has role /role/super-user
2002-06-30 23:40:26,614;cj267738-c;aaa8WmJnxIsiqj;User '0' (null) is now authenticated for Session ID 'aaa8WmJnxIsiqj'
2002-06-30 23:40:26,614;cj267738-c;aaa8WmJnxIsiqj;User '0' has permissions {2, 3, 4, 5, 6, 7, 9}
2002-06-30 23:40:26,614;cj267738-c;aaa8WmJnxIsiqj;User '0' has role /role/super-user
2002-07-02 23:36:57,190;cj267738-c;aaab1VWt_8kSZ0;User '0' (null) is now authenticated for Session ID 'aaab1VWt_8kSZ0'
2002-07-02 23:36:57,220;cj267738-c;aaab1VWt_8kSZ0;User '0' has permissions {2, 3, 4, 5, 6, 7, 9}
2002-07-02 23:36:57,220;cj267738-c;aaab1VWt_8kSZ0;User '0' has role /role/super-user
2002-07-02 23:39:04,383;cj267738-c;aaa7yPiUnhuN_e;User 'ace' (ace) is now authenticated for Session ID 'aaa7yPiUnhuN_e'
2002-07-02 23:39:04,393;cj267738-c;aaa7yPiUnhuN_e;User 'ace' has permissions {2, 3, 4, 5, 6, 7, 9}
2002-07-02 23:39:04,393;cj267738-c;aaa7yPiUnhuN_e;User 'ace' has role /role/super-user
2002-07-03 23:43:05,442;cj267738-c;aaagziUHv2iCge;User 'ace' (ace) is now authenticated for Session ID 'aaagziUHv2iCge'
2002-07-03 23:43:05,482;cj267738-c;aaagziUHv2iCge;User 'ace' has permissions {2, 3, 4, 5, 6, 7, 9}
2002-07-03 23:43:05,482;cj267738-c;aaagziUHv2iCge;User 'ace' has role /role/super-user
2002-07-03 23:48:04,903;cj267738-c;aaagziUHv2iCge;User 'ace' (ace) is now authenticated for Session ID 'aaagziUHv2iCge'
2002-07-03 23:48:04,903;cj267738-c;aaagziUHv2iCge;User 'ace' has permissions {2, 3, 4, 5, 6, 7, 9}
2002-07-03 23:48:04,903;cj267738-c;aaagziUHv2iCge;User 'ace' has role /role/super-user
2002-07-04 00:21:19,020;cj267738-c;aaagziUHv2iCge;User 'ace' (ace) is now authenticated for Session ID 'aaagziUHv2iCge'
2002-07-04 00:21:19,020;cj267738-c;aaagziUHv2iCge;User 'ace' has permissions {2, 3, 4, 5, 6, 7, 9}
2002-07-04 00:21:19,020;cj267738-c;aaagziUHv2iCge;User 'ace' has role /role/super-user
2002-07-04 00:43:44,775;cj267738-c;aaagziUHv2iCge;User 'ace' (ace) is now authenticated for Session ID 'aaagziUHv2iCge'
2002-07-04 00:43:44,775;cj267738-c;aaagziUHv2iCge;User 'ace' has permissions {2, 3, 4, 5, 6, 7, 9}
2002-07-04 00:43:44,775;cj267738-c;aaagziUHv2iCge;User 'ace' has role /role/super-user
2002-07-04 09:59:09,499;cj267738-c;aaaawkNSKPq0nl;User 'ace' (ace) is now authenticated for Session ID 'aaaawkNSKPq0nl'
2002-07-04 09:59:09,519;cj267738-c;aaaawkNSKPq0nl;User 'ace' has permissions {2, 3, 4, 5, 6, 7, 9}
2002-07-04 09:59:09,519;cj267738-c;aaaawkNSKPq0nl;User 'ace' has role /role/super-user
2002-07-04 11:19:47,296;cj267738-c;aaaawkNSKPq0nl;User 'ace' (ace) is now authenticated for Session ID 'aaaawkNSKPq0nl'
2002-07-04 11:19:47,296;cj267738-c;aaaawkNSKPq0nl;User 'ace' has permissions {2, 3, 4, 5, 6, 7, 9}
2002-07-04 11:19:47,296;cj267738-c;aaaawkNSKPq0nl;User 'ace' has role /role/super-user
2002-07-04 12:15:36,542;cj267738-c;aaaawkNSKPq0nl;User 'ace' (ace) is now authenticated for Session ID 'aaaawkNSKPq0nl'
2002-07-04 12:15:36,572;cj267738-c;aaaawkNSKPq0nl;User 'ace' has permissions {2, 3, 4, 5, 6, 7, 9}
2002-07-04 12:15:36,572;cj267738-c;aaaawkNSKPq0nl;User 'ace' has role /role/super-user
2002-07-04 13:13:59,669;cj267738-c;aaaawkNSKPq0nl;User 'ace' (ace) is now authenticated for Session ID 'aaaawkNSKPq0nl'
2002-07-04 13:13:59,669;cj267738-c;aaaawkNSKPq0nl;User 'ace' has permissions {2, 3, 4, 5, 6, 7, 9}
2002-07-04 13:13:59,669;cj267738-c;aaaawkNSKPq0nl;User 'ace' has role /role/super-user
2002-07-04 15:10:47,656;cj267738-c;aaaawkNSKPq0nl;User 'ace' (ace) is now authenticated for Session ID 'aaaawkNSKPq0nl'
2002-07-04 15:10:47,656;cj267738-c;aaaawkNSKPq0nl;User 'ace' has permissions {2, 3, 4, 5, 6, 7, 9}
2002-07-04 15:10:47,656;cj267738-c;aaaawkNSKPq0nl;User 'ace' has role /role/super-user
2002-07-04 16:05:56,954;cj267738-c;aaaawkNSKPq0nl;User 'ace' (ace) is now authenticated for Session ID 'aaaawkNSKPq0nl'
2002-07-04 16:05:56,954;cj267738-c;aaaawkNSKPq0nl;User 'ace' has permissions {2, 3, 4, 5, 6, 7, 9}
2002-07-04 16:05:56,954;cj267738-c;aaaawkNSKPq0nl;User 'ace' has role /role/super-user
2002-07-04 19:38:58,724;cj267738-c;aaaawkNSKPq0nl;User 'ace' (ace) is now authenticated for Session ID 'aaaawkNSKPq0nl'
2002-07-04 19:38:58,744;cj267738-c;aaaawkNSKPq0nl;User 'ace' has permissions {2, 3, 4, 5, 6, 7, 9}
2002-07-04 19:38:58,744;cj267738-c;aaaawkNSKPq0nl;User 'ace' has role /role/super-user
2002-07-04 20:39:40,641;cj267738-c;aaab-nzZlzZz6z;User '0' (null) is now authenticated for Session ID 'aaab-nzZlzZz6z'
2002-07-04 20:39:40,651;cj267738-c;aaab-nzZlzZz6z;User '0' has permissions {2, 3, 4, 5, 6, 7, 9}
2002-07-04 20:39:40,651;cj267738-c;aaab-nzZlzZz6z;User '0' has role /role/super-user
2002-07-04 20:53:19,929;cj267738-c;aaaawkNSKPq0nl;User 'ace' (ace) is now authenticated for Session ID 'aaaawkNSKPq0nl'
2002-07-04 20:53:19,929;cj267738-c;aaaawkNSKPq0nl;User 'ace' has permissions {2, 3, 4, 5, 6, 7, 9}
2002-07-04 20:53:19,929;cj267738-c;aaaawkNSKPq0nl;User 'ace' has role /role/super-user
2002-07-04 23:06:04,241;cj267738-c;aaaawkNSKPq0nl aaaawkNSKPq0nl;User 'ace' (ace) is now authenticated for Session ID 'aaaawkNSKPq0nl'
2002-07-04 23:06:04,251;cj267738-c;aaaawkNSKPq0nl aaaawkNSKPq0nl;User 'ace' has permissions {2, 3, 4, 5, 6, 7, 9}
2002-07-04 23:06:04,251;cj267738-c;aaaawkNSKPq0nl aaaawkNSKPq0nl;User 'ace' has role /role/super-user
2002-07-04 23:14:51,689;cj267738-c;aaaawkNSKPq0nl;User 'ace' (ace) is now authenticated for Session ID 'aaaawkNSKPq0nl'
2002-07-04 23:14:51,689;cj267738-c;aaaawkNSKPq0nl;User 'ace' has permissions {2, 3, 4, 5, 6, 7, 9}
2002-07-04 23:14:51,689;cj267738-c;aaaawkNSKPq0nl;User 'ace' has role /role/super-user
2002-07-04 23:17:14,164;cj267738-c;aaab-nzZlzZz6z;User '0' (null) is now authenticated for Session ID 'aaab-nzZlzZz6z'
2002-07-04 23:17:14,164;cj267738-c;aaab-nzZlzZz6z;User '0' has permissions {2, 3, 4, 5, 6, 7, 9}
2002-07-04 23:17:14,164;cj267738-c;aaab-nzZlzZz6z;User '0' has role /role/super-user
2002-07-05 00:04:49,470;cj267738-c;aaaawkNSKPq0nl aaaawkNSKPq0nl;User 'ace' (ace) is now authenticated for Session ID 'aaaawkNSKPq0nl'
2002-07-05 00:04:49,470;cj267738-c;aaaawkNSKPq0nl aaaawkNSKPq0nl;User 'ace' has permissions {2, 3, 4, 5, 6, 7, 9}
2002-07-05 00:04:49,470;cj267738-c;aaaawkNSKPq0nl aaaawkNSKPq0nl;User 'ace' has role /role/super-user
2002-07-05 00:07:52,353;cj267738-c;aaab-nzZlzZz6z;User '0' (null) is now authenticated for Session ID 'aaab-nzZlzZz6z'
2002-07-05 00:07:52,353;cj267738-c;aaab-nzZlzZz6z;User '0' has permissions {2, 3, 4, 5, 6, 7, 9}
2002-07-05 00:07:52,353;cj267738-c;aaab-nzZlzZz6z;User '0' has role /role/super-user
2002-07-05 00:38:13,752;cj267738-c;aaaawkNSKPq0nl aaaawkNSKPq0nl;User 'ace' (ace) is now authenticated for Session ID 'aaaawkNSKPq0nl'
2002-07-05 00:38:13,752;cj267738-c;aaaawkNSKPq0nl aaaawkNSKPq0nl;User 'ace' has permissions {2, 3, 4, 5, 6, 7, 9}
2002-07-05 00:38:13,752;cj267738-c;aaaawkNSKPq0nl aaaawkNSKPq0nl;User 'ace' has role /role/super-user
2002-07-05 12:31:18,323;cj267738-c;aaab-DPaF6p28G;User 'ace' (ace) is now authenticated for Session ID 'aaab-DPaF6p28G'
2002-07-05 12:31:18,343;cj267738-c;aaab-DPaF6p28G;User 'ace' has permissions {2, 3, 4, 5, 6, 7, 9}
2002-07-05 12:31:18,343;cj267738-c;aaab-DPaF6p28G;User 'ace' has role /role/super-user
2002-07-05 14:06:32,720;cj267738-c;aaab-DPaF6p28G;User 'ace' (ace) is now authenticated for Session ID 'aaab-DPaF6p28G'
2002-07-05 14:06:32,720;cj267738-c;aaab-DPaF6p28G;User 'ace' has permissions {2, 3, 4, 5, 6, 7, 9}
2002-07-05 14:06:32,720;cj267738-c;aaab-DPaF6p28G;User 'ace' has role /role/super-user
2002-07-05 14:31:44,584;cj267738-c;aaab-DPaF6p28G aaa8JFieLSn3Ns;User 'ace' (ace) is now authenticated for Session ID 'aaa8JFieLSn3Ns'
2002-07-05 14:31:44,584;cj267738-c;aaab-DPaF6p28G aaa8JFieLSn3Ns;User 'ace' has permissions {2, 3, 4, 5, 6, 7, 9}
2002-07-05 14:31:44,584;cj267738-c;aaab-DPaF6p28G aaa8JFieLSn3Ns;User 'ace' has role /role/super-user
2002-07-05 14:32:43,869;cj267738-c;aaab-DPaF6p28G;User 'ace' (ace) is now authenticated for Session ID 'aaab-DPaF6p28G'
2002-07-05 14:32:43,869;cj267738-c;aaab-DPaF6p28G;User 'ace' has permissions {2, 3, 4, 5, 6, 7, 9}
2002-07-05 14:32:43,869;cj267738-c;aaab-DPaF6p28G;User 'ace' has role /role/super-user
2002-07-05 14:53:01,240;cj267738-c;aaab-DPaF6p28G;User 'ace' (ace) is now authenticated for Session ID 'aaab-DPaF6p28G'
2002-07-05 14:53:01,240;cj267738-c;aaab-DPaF6p28G;User 'ace' has permissions {2, 3, 4, 5, 6, 7, 9}
2002-07-05 14:53:01,240;cj267738-c;aaab-DPaF6p28G;User 'ace' has role /role/super-user
2002-07-05 14:54:54,783;cj267738-c;aaab-DPaF6p28G;User 'ace' (ace) is now authenticated for Session ID 'aaab-DPaF6p28G'
2002-07-05 14:54:54,783;cj267738-c;aaab-DPaF6p28G;User 'ace' has permissions {2, 3, 4, 5, 6, 7, 9}
2002-07-05 14:54:54,793;cj267738-c;aaab-DPaF6p28G;User 'ace' has role /role/super-user
2002-07-05 15:05:07,033;cj267738-c;aaab-DPaF6p28G;User 'ace' (ace) is now authenticated for Session ID 'aaab-DPaF6p28G'
2002-07-05 15:05:07,033;cj267738-c;aaab-DPaF6p28G;User 'ace' has permissions {2, 3, 4, 5, 6, 7, 9}
2002-07-05 15:05:07,043;cj267738-c;aaab-DPaF6p28G;User 'ace' has role /role/super-user
2002-07-05 15:08:35,864;cj267738-c;aaab-DPaF6p28G;User 'ace' (ace) is now authenticated for Session ID 'aaab-DPaF6p28G'
2002-07-05 15:08:35,864;cj267738-c;aaab-DPaF6p28G;User 'ace' has permissions {2, 3, 4, 5, 6, 7, 9}
2002-07-05 15:08:35,864;cj267738-c;aaab-DPaF6p28G;User 'ace' has role /role/super-user
2002-07-05 15:09:52,784;cj267738-c;aaab-DPaF6p28G;User 'ace' (ace) is now authenticated for Session ID 'aaab-DPaF6p28G'
2002-07-05 15:09:52,784;cj267738-c;aaab-DPaF6p28G;User 'ace' has permissions {2, 3, 4, 5, 6, 7, 9}
2002-07-05 15:09:52,784;cj267738-c;aaab-DPaF6p28G;User 'ace' has role /role/super-user
2002-07-05 15:11:15,874;cj267738-c;aaab-DPaF6p28G;User 'ace' (ace) is now authenticated for Session ID 'aaab-DPaF6p28G'
2002-07-05 15:11:15,884;cj267738-c;aaab-DPaF6p28G;User 'ace' has permissions {2, 3, 4, 5, 6, 7, 9}
2002-07-05 15:11:15,884;cj267738-c;aaab-DPaF6p28G;User 'ace' has role /role/super-user
2002-07-05 15:13:16,347;cj267738-c;aaab-DPaF6p28G;User 'ace' (ace) is now authenticated for Session ID 'aaab-DPaF6p28G'
2002-07-05 15:13:16,347;cj267738-c;aaab-DPaF6p28G;User 'ace' has permissions {2, 3, 4, 5, 6, 7, 9}
2002-07-05 15:13:16,347;cj267738-c;aaab-DPaF6p28G;User 'ace' has role /role/super-user
2002-07-05 18:29:45,679;cj267738-c;aaab-DPaF6p28G;User 'ace' (ace) is now authenticated for Session ID 'aaab-DPaF6p28G'
2002-07-05 18:29:45,679;cj267738-c;aaab-DPaF6p28G;User 'ace' has permissions {2, 3, 4, 5, 6, 7, 9}
2002-07-05 18:29:45,679;cj267738-c;aaab-DPaF6p28G;User 'ace' has role /role/super-user
2002-07-05 18:32:01,524;cj267738-c;aaab-DPaF6p28G;User 'ace' (ace) is now authenticated for Session ID 'aaab-DPaF6p28G'
2002-07-05 18:32:01,524;cj267738-c;aaab-DPaF6p28G;User 'ace' has permissions {2, 3, 4, 5, 6, 7, 9}
2002-07-05 18:32:01,535;cj267738-c;aaab-DPaF6p28G;User 'ace' has role /role/super-user
2002-07-05 18:34:53,962;cj267738-c;aaab-DPaF6p28G;User 'ace' (ace) is now authenticated for Session ID 'aaab-DPaF6p28G'
2002-07-05 18:34:53,972;cj267738-c;aaab-DPaF6p28G;User 'ace' has permissions {2, 3, 4, 5, 6, 7, 9}
2002-07-05 18:34:53,972;cj267738-c;aaab-DPaF6p28G;User 'ace' has role /role/super-user
2002-07-05 19:40:58,633;cj267738-c;aaab-DPaF6p28G;User 'ace' (ace) is now authenticated for Session ID 'aaab-DPaF6p28G'
2002-07-05 19:40:58,633;cj267738-c;aaab-DPaF6p28G;User 'ace' has permissions {2, 3, 4, 5, 6, 7, 9}
2002-07-05 19:40:58,633;cj267738-c;aaab-DPaF6p28G;User 'ace' has role /role/super-user
2002-07-05 19:52:24,840;cj267738-c;aaab-DPaF6p28G;User 'ace' (ace) is now authenticated for Session ID 'aaab-DPaF6p28G'
2002-07-05 19:52:24,850;cj267738-c;aaab-DPaF6p28G;User 'ace' has permissions {2, 3, 4, 5, 6, 7, 9}
2002-07-05 19:52:24,850;cj267738-c;aaab-DPaF6p28G;User 'ace' has role /role/super-user
2002-07-05 19:53:01,433;cj267738-c;aaab-DPaF6p28G;User 'ace' (ace) is now authenticated for Session ID 'aaab-DPaF6p28G'
2002-07-05 19:53:01,433;cj267738-c;aaab-DPaF6p28G;User 'ace' has permissions {2, 3, 4, 5, 6, 7, 9}
2002-07-05 19:53:01,433;cj267738-c;aaab-DPaF6p28G;User 'ace' has role /role/super-user
2002-07-05 19:53:56,662;cj267738-c;aaab-DPaF6p28G;User 'ace' (ace) is now authenticated for Session ID 'aaab-DPaF6p28G'
2002-07-05 19:53:56,662;cj267738-c;aaab-DPaF6p28G;User 'ace' has permissions {2, 3, 4, 5, 6, 7, 9}
2002-07-05 19:53:56,662;cj267738-c;aaab-DPaF6p28G;User 'ace' has role /role/super-user
2002-07-05 20:05:14,096;cj267738-c;aaab-DPaF6p28G;User 'ace' (ace) is now authenticated for Session ID 'aaab-DPaF6p28G'
2002-07-05 20:05:14,096;cj267738-c;aaab-DPaF6p28G;User 'ace' has permissions {2, 3, 4, 5, 6, 7, 9}
2002-07-05 20:05:14,096;cj267738-c;aaab-DPaF6p28G;User 'ace' has role /role/super-user
2002-07-05 20:08:35,596;cj267738-c;aaab-DPaF6p28G;User 'ace' (ace) is now authenticated for Session ID 'aaab-DPaF6p28G'
2002-07-05 20:08:35,596;cj267738-c;aaab-DPaF6p28G;User 'ace' has permissions {2, 3, 4, 5, 6, 7, 9}
2002-07-05 20:08:35,596;cj267738-c;aaab-DPaF6p28G;User 'ace' has role /role/super-user
2002-07-05 20:08:35,606;cj267738-c;aaab-DPaF6p28G;User 'ace' (ace) is now authenticated for Session ID 'aaab-DPaF6p28G'
2002-07-05 20:08:35,606;cj267738-c;aaab-DPaF6p28G;User 'ace' has permissions {2, 3, 4, 5, 6, 7, 9}
2002-07-05 20:08:35,606;cj267738-c;aaab-DPaF6p28G;User 'ace' has role /role/super-user
2002-07-05 20:11:57,336;cj267738-c;aaab-DPaF6p28G;User 'ace' (ace) is now authenticated for Session ID 'aaab-DPaF6p28G'
2002-07-05 20:11:57,336;cj267738-c;aaab-DPaF6p28G;User 'ace' has permissions {2, 3, 4, 5, 6, 7, 9}
2002-07-05 20:11:57,336;cj267738-c;aaab-DPaF6p28G;User 'ace' has role /role/super-user
2002-07-05 20:12:48,820;cj267738-c;aaab-DPaF6p28G;User 'ace' (ace) is now authenticated for Session ID 'aaab-DPaF6p28G'
2002-07-05 20:12:48,830;cj267738-c;aaab-DPaF6p28G;User 'ace' has permissions {2, 3, 4, 5, 6, 7, 9}
2002-07-05 20:12:48,830;cj267738-c;aaab-DPaF6p28G;User 'ace' has role /role/super-user
2002-07-05 20:14:13,382;cj267738-c;aaab-DPaF6p28G;User 'ace' (ace) is now authenticated for Session ID 'aaab-DPaF6p28G'
2002-07-05 20:14:13,392;cj267738-c;aaab-DPaF6p28G;User 'ace' has permissions {2, 3, 4, 5, 6, 7, 9}
2002-07-05 20:14:13,392;cj267738-c;aaab-DPaF6p28G;User 'ace' has role /role/super-user
2002-07-05 20:15:34,398;cj267738-c;aaab-DPaF6p28G;User 'ace' (ace) is now authenticated for Session ID 'aaab-DPaF6p28G'
2002-07-05 20:15:34,398;cj267738-c;aaab-DPaF6p28G;User 'ace' has permissions {2, 3, 4, 5, 6, 7, 9}
2002-07-05 20:15:34,398;cj267738-c;aaab-DPaF6p28G;User 'ace' has role /role/super-user
2002-07-05 20:18:17,933;cj267738-c;aaab-DPaF6p28G;User 'ace' (ace) is now authenticated for Session ID 'aaab-DPaF6p28G'
2002-07-05 20:18:17,933;cj267738-c;aaab-DPaF6p28G;User 'ace' has permissions {2, 3, 4, 5, 6, 7, 9}
2002-07-05 20:18:17,933;cj267738-c;aaab-DPaF6p28G;User 'ace' has role /role/super-user
2002-07-05 20:19:42,525;cj267738-c;aaab-DPaF6p28G;User 'ace' (ace) is now authenticated for Session ID 'aaab-DPaF6p28G'
2002-07-05 20:19:42,535;cj267738-c;aaab-DPaF6p28G;User 'ace' has permissions {2, 3, 4, 5, 6, 7, 9}
2002-07-05 20:19:42,535;cj267738-c;aaab-DPaF6p28G;User 'ace' has role /role/super-user
2002-07-05 20:29:52,312;cj267738-c;aaab-DPaF6p28G;User 'ace' (ace) is now authenticated for Session ID 'aaab-DPaF6p28G'
2002-07-05 20:29:52,312;cj267738-c;aaab-DPaF6p28G;User 'ace' has permissions {2, 3, 4, 5, 6, 7, 9}
2002-07-05 20:29:52,322;cj267738-c;aaab-DPaF6p28G;User 'ace' has role /role/super-user
2002-07-05 20:33:10,377;cj267738-c;aaab-DPaF6p28G;User 'ace' (ace) is now authenticated for Session ID 'aaab-DPaF6p28G'
2002-07-05 20:33:10,377;cj267738-c;aaab-DPaF6p28G;User 'ace' has permissions {2, 3, 4, 5, 6, 7, 9}
2002-07-05 20:33:10,377;cj267738-c;aaab-DPaF6p28G;User 'ace' has role /role/super-user
2002-07-05 20:48:36,238;cj267738-c;aaab-DPaF6p28G;User 'ace' (ace) is now authenticated for Session ID 'aaab-DPaF6p28G'
2002-07-05 20:48:36,238;cj267738-c;aaab-DPaF6p28G;User 'ace' has permissions {2, 3, 4, 5, 6, 7, 9}
2002-07-05 20:48:36,238;cj267738-c;aaab-DPaF6p28G;User 'ace' has role /role/super-user
2002-07-05 20:49:46,439;cj267738-c;aaab-DPaF6p28G;User 'ace' (ace) is now authenticated for Session ID 'aaab-DPaF6p28G'
2002-07-05 20:49:46,439;cj267738-c;aaab-DPaF6p28G;User 'ace' has permissions {2, 3, 4, 5, 6, 7, 9}
2002-07-05 20:49:46,439;cj267738-c;aaab-DPaF6p28G;User 'ace' has role /role/super-user
2002-07-05 23:49:13,892;cj267738-c;aaab-DPaF6p28G aaab-DPaF6p28G;User 'ace' (ace) is now authenticated for Session ID 'aaab-DPaF6p28G'
2002-07-05 23:49:13,892;cj267738-c;aaab-DPaF6p28G aaab-DPaF6p28G;User 'ace' has permissions {2, 3, 4, 5, 6, 7, 9}
2002-07-05 23:49:13,892;cj267738-c;aaab-DPaF6p28G aaab-DPaF6p28G;User 'ace' has role /role/super-user
2002-07-06 02:59:01,276;cj267738-c;aaab-DPaF6p28G;User 'ace' (ace) is now authenticated for Session ID 'aaab-DPaF6p28G'
2002-07-06 02:59:01,296;cj267738-c;aaab-DPaF6p28G;User 'ace' has permissions {2, 3, 4, 5, 6, 7, 9}
2002-07-06 02:59:01,296;cj267738-c;aaab-DPaF6p28G;User 'ace' has role /role/super-user
2002-07-06 10:23:54,856;cj267738-c;aaa_HHj4oCq78Y;User 'ace' (ace) is now authenticated for Session ID 'aaa_HHj4oCq78Y'
2002-07-06 10:23:54,876;cj267738-c;aaa_HHj4oCq78Y;User 'ace' has permissions {2, 3, 4, 5, 6, 7, 9}
2002-07-06 10:23:54,876;cj267738-c;aaa_HHj4oCq78Y;User 'ace' has role /role/super-user
2002-07-06 10:54:07,796;cj267738-c;aaa_phlezjalxV;User '6' (null) is now authenticated for Session ID 'aaa_phlezjalxV'
2002-07-06 10:54:07,796;cj267738-c;aaa_phlezjalxV;User '6' has permissions {2, 3, 4, 5, 6, 7, 9}
2002-07-06 10:54:07,806;cj267738-c;aaa_phlezjalxV;User '6' has role /role/super-user
2002-07-06 13:11:19,613;cj267738-c;aaa_HHj4oCq78Y;User 'ace' (ace) is now authenticated for Session ID 'aaa_HHj4oCq78Y'
2002-07-06 13:11:19,633;cj267738-c;aaa_HHj4oCq78Y;User 'ace' has permissions {2, 3, 4, 5, 6, 7, 9}
2002-07-06 13:11:19,633;cj267738-c;aaa_HHj4oCq78Y;User 'ace' has role /role/super-user
2002-07-06 13:25:57,725;cj267738-c;aaa_HHj4oCq78Y;User 'ace' (ace) is now authenticated for Session ID 'aaa_HHj4oCq78Y'
2002-07-06 13:25:57,725;cj267738-c;aaa_HHj4oCq78Y;User 'ace' has permissions {2, 3, 4, 5, 6, 7, 9}
2002-07-06 13:25:57,725;cj267738-c;aaa_HHj4oCq78Y;User 'ace' has role /role/super-user
2002-07-06 15:02:43,123;cj267738-c;aaa_phlezjalxV;User '6' (null) is now authenticated for Session ID 'aaa_phlezjalxV'
2002-07-06 15:02:43,123;cj267738-c;aaa_phlezjalxV;User '6' has permissions {2, 3, 4, 5, 6, 7, 9}
2002-07-06 15:02:43,123;cj267738-c;aaa_phlezjalxV;User '6' has role /role/super-user
2002-07-06 15:05:07,551;cj267738-c;aaa_phlezjalxV;User '6' (null) is now authenticated for Session ID 'aaa_phlezjalxV'
2002-07-06 15:05:07,551;cj267738-c;aaa_phlezjalxV;User '6' has permissions {2, 3, 4, 5, 6, 7, 9}
2002-07-06 15:05:07,551;cj267738-c;aaa_phlezjalxV;User '6' has role /role/super-user
2002-07-06 15:05:17,745;cj267738-c;aaa_phlezjalxV;User '0' (null) is now authenticated for Session ID 'aaa_phlezjalxV'
2002-07-06 15:05:17,745;cj267738-c;aaa_phlezjalxV;User '0' has permissions {2, 3, 4, 5, 6, 7, 9}
2002-07-06 15:05:17,745;cj267738-c;aaa_phlezjalxV;User '0' has role /role/super-user
2002-07-06 15:16:50,241;cj267738-c;aaa_HHj4oCq78Y;User 'ace' (ace) is now authenticated for Session ID 'aaa_HHj4oCq78Y'
2002-07-06 15:16:50,241;cj267738-c;aaa_HHj4oCq78Y;User 'ace' has permissions {2, 3, 4, 5, 6, 7, 9}
2002-07-06 15:16:50,241;cj267738-c;aaa_HHj4oCq78Y;User 'ace' has role /role/super-user
2002-07-06 15:32:39,186;cj267738-c;aaa_HHj4oCq78Y;User 'ace' (ace) is now authenticated for Session ID 'aaa_HHj4oCq78Y'
2002-07-06 15:32:39,186;cj267738-c;aaa_HHj4oCq78Y;User 'ace' has permissions {2, 3, 4, 5, 6, 7, 9}
2002-07-06 15:32:39,186;cj267738-c;aaa_HHj4oCq78Y;User 'ace' has role /role/super-user
2002-07-06 15:56:30,113;cj267738-c;aaa_phlezjalxV;User '5' (null) is now authenticated for Session ID 'aaa_phlezjalxV'
2002-07-06 15:56:30,113;cj267738-c;aaa_phlezjalxV;User '5' has permissions {2, 3, 4, 5, 6, 7, 9}
2002-07-06 15:56:30,113;cj267738-c;aaa_phlezjalxV;User '5' has role /role/super-user
2002-07-06 16:03:22,987;cj267738-c;aaa_HHj4oCq78Y;User 'ace' (ace) is now authenticated for Session ID 'aaa_HHj4oCq78Y'
2002-07-06 16:03:22,987;cj267738-c;aaa_HHj4oCq78Y;User 'ace' has permissions {2, 3, 4, 5, 6, 7, 9}
2002-07-06 16:03:22,987;cj267738-c;aaa_HHj4oCq78Y;User 'ace' has role /role/super-user
2002-07-06 16:31:53,937;cj267738-c;aaa_HHj4oCq78Y aaa_HHj4oCq78Y;User '0' (null) is now authenticated for Session ID 'aaa_HHj4oCq78Y'
2002-07-06 16:31:53,937;cj267738-c;aaa_HHj4oCq78Y aaa_HHj4oCq78Y;User '0' has permissions {2, 3, 4, 5, 6, 7, 9}
2002-07-06 16:31:53,937;cj267738-c;aaa_HHj4oCq78Y aaa_HHj4oCq78Y;User '0' has role /role/super-user
2002-07-06 18:06:25,623;cj267738-c;aaa_HHj4oCq78Y;User '0' (null) is now authenticated for Session ID 'aaa_HHj4oCq78Y'
2002-07-06 18:06:25,623;cj267738-c;aaa_HHj4oCq78Y;User '0' has permissions {2, 3, 4, 5, 6, 7, 9}
2002-07-06 18:06:25,623;cj267738-c;aaa_HHj4oCq78Y;User '0' has role /role/super-user
2002-07-06 21:54:34,356;cj267738-c;aaa_HHj4oCq78Y;User '0' (null) is now authenticated for Session ID 'aaa_HHj4oCq78Y'
2002-07-06 21:54:34,366;cj267738-c;aaa_HHj4oCq78Y;User '0' has permissions {2, 3, 4, 5, 6, 7, 9}
2002-07-06 21:54:34,366;cj267738-c;aaa_HHj4oCq78Y;User '0' has role /role/super-user
2002-07-06 22:09:38,095;cj267738-c;aaa_HHj4oCq78Y;User 'ace' (ace) is now authenticated for Session ID 'aaa_HHj4oCq78Y'
2002-07-06 22:09:38,095;cj267738-c;aaa_HHj4oCq78Y;User 'ace' has permissions {2, 3, 4, 5, 6, 7, 9}
2002-07-06 22:09:38,095;cj267738-c;aaa_HHj4oCq78Y;User 'ace' has role /role/super-user
2002-07-15 22:53:20,481;cj267738-c;aaaa_ksheLRjgE;User 'ace' (ace) is now authenticated for Session ID 'aaaa_ksheLRjgE'
2002-07-15 22:53:20,501;cj267738-c;aaaa_ksheLRjgE;User 'ace' has permissions {2, 3, 4, 5, 6, 7, 9}
2002-07-15 22:53:20,501;cj267738-c;aaaa_ksheLRjgE;User 'ace' has role /role/super-user
2002-07-15 22:54:22,249;cj267738-c;aaae8Lwaa1RMwR;User '0' (null) is now authenticated for Session ID 'aaae8Lwaa1RMwR'
2002-07-15 22:54:22,259;cj267738-c;aaae8Lwaa1RMwR;User '0' has permissions {2, 3, 4, 5, 6, 7, 9}
2002-07-15 22:54:22,259;cj267738-c;aaae8Lwaa1RMwR;User '0' has role /role/super-user
2002-07-15 23:11:51,759;cj267738-c;aaae8Lwaa1RMwR;User '0' (null) is now authenticated for Session ID 'aaae8Lwaa1RMwR'
2002-07-15 23:11:51,759;cj267738-c;aaae8Lwaa1RMwR;User '0' has permissions {2, 3, 4, 5, 6, 7, 9}
2002-07-15 23:11:51,759;cj267738-c;aaae8Lwaa1RMwR;User '0' has role /role/super-user
2002-07-15 23:15:49,450;cj267738-c;aaae8Lwaa1RMwR;User '0' (null) is now authenticated for Session ID 'aaae8Lwaa1RMwR'
2002-07-15 23:15:49,450;cj267738-c;aaae8Lwaa1RMwR;User '0' has permissions {2, 3, 4, 5, 6, 7, 9}
2002-07-15 23:15:49,450;cj267738-c;aaae8Lwaa1RMwR;User '0' has role /role/super-user
2002-07-15 23:24:30,059;cj267738-c;aaae8Lwaa1RMwR;User '0' (null) is now authenticated for Session ID 'aaae8Lwaa1RMwR'
2002-07-15 23:24:30,079;cj267738-c;aaae8Lwaa1RMwR;User '0' has permissions {2, 3, 4, 5, 6, 7, 9}
2002-07-15 23:24:30,079;cj267738-c;aaae8Lwaa1RMwR;User '0' has role /role/super-user
2002-07-15 23:38:12,442;cj267738-c;aaaa_ksheLRjgE;User 'ace' (ace) is now authenticated for Session ID 'aaaa_ksheLRjgE'
2002-07-15 23:38:12,462;cj267738-c;aaaa_ksheLRjgE;User 'ace' has permissions {2, 3, 4, 5, 6, 7, 9}
2002-07-15 23:38:12,462;cj267738-c;aaaa_ksheLRjgE;User 'ace' has role /role/super-user
2002-07-15 23:50:29,201;cj267738-c;aaaa_ksheLRjgE;User 'ace' (ace) is now authenticated for Session ID 'aaaa_ksheLRjgE'
2002-07-15 23:50:29,201;cj267738-c;aaaa_ksheLRjgE;User 'ace' has permissions {2, 3, 4, 5, 6, 7, 9}
2002-07-15 23:50:29,201;cj267738-c;aaaa_ksheLRjgE;User 'ace' has role /role/super-user
2002-07-15 23:50:51,293;cj267738-c;aaaa_ksheLRjgE;User 'ace' (ace) is now authenticated for Session ID 'aaaa_ksheLRjgE'
2002-07-15 23:50:51,293;cj267738-c;aaaa_ksheLRjgE;User 'ace' has permissions {2, 3, 4, 5, 6, 7, 9}
2002-07-15 23:50:51,293;cj267738-c;aaaa_ksheLRjgE;User 'ace' has role /role/super-user
2002-07-15 23:51:52,821;cj267738-c;aaaa_ksheLRjgE aaae8Lwaa1RMwR;User '0' (null) is now authenticated for Session ID 'aaae8Lwaa1RMwR'
2002-07-15 23:51:52,821;cj267738-c;aaaa_ksheLRjgE aaae8Lwaa1RMwR;User '0' has permissions {2, 3, 4, 5, 6, 7, 9}
2002-07-15 23:51:52,821;cj267738-c;aaaa_ksheLRjgE aaae8Lwaa1RMwR;User '0' has role /role/super-user
2002-07-15 23:54:32,290;cj267738-c;aaaa_ksheLRjgE;User 'ace' (ace) is now authenticated for Session ID 'aaaa_ksheLRjgE'
2002-07-15 23:54:32,290;cj267738-c;aaaa_ksheLRjgE;User 'ace' has permissions {2, 3, 4, 5, 6, 7, 9}
2002-07-15 23:54:32,290;cj267738-c;aaaa_ksheLRjgE;User 'ace' has role /role/super-user
2002-07-15 23:55:34,951;cj267738-c;aaaa_ksheLRjgE;User 'ace' (ace) is now authenticated for Session ID 'aaaa_ksheLRjgE'
2002-07-15 23:55:34,961;cj267738-c;aaaa_ksheLRjgE;User 'ace' has permissions {2, 3, 4, 5, 6, 7, 9}
2002-07-15 23:55:34,961;cj267738-c;aaaa_ksheLRjgE;User 'ace' has role /role/super-user
2002-07-16 00:00:11,228;cj267738-c;aaaa_ksheLRjgE;User 'ace' (ace) is now authenticated for Session ID 'aaaa_ksheLRjgE'
2002-07-16 00:00:11,228;cj267738-c;aaaa_ksheLRjgE;User 'ace' has permissions {2, 3, 4, 5, 6, 7, 9}
2002-07-16 00:00:11,228;cj267738-c;aaaa_ksheLRjgE;User 'ace' has role /role/super-user
2002-07-16 00:03:40,999;cj267738-c;aaaa_ksheLRjgE;User 'ace' (ace) is now authenticated for Session ID 'aaaa_ksheLRjgE'
2002-07-16 00:03:40,999;cj267738-c;aaaa_ksheLRjgE;User 'ace' has permissions {2, 3, 4, 5, 6, 7, 9}
2002-07-16 00:03:41,009;cj267738-c;aaaa_ksheLRjgE;User 'ace' has role /role/super-user
2002-07-16 00:06:13,679;cj267738-c;aaaa_ksheLRjgE;User 'ace' (ace) is now authenticated for Session ID 'aaaa_ksheLRjgE'
2002-07-16 00:06:13,679;cj267738-c;aaaa_ksheLRjgE;User 'ace' has permissions {2, 3, 4, 5, 6, 7, 9}
2002-07-16 00:06:13,679;cj267738-c;aaaa_ksheLRjgE;User 'ace' has role /role/super-user
2002-07-16 00:07:58,069;cj267738-c;aaaa_ksheLRjgE;User 'ace' (ace) is now authenticated for Session ID 'aaaa_ksheLRjgE'
2002-07-16 00:07:58,069;cj267738-c;aaaa_ksheLRjgE;User 'ace' has permissions {2, 3, 4, 5, 6, 7, 9}
2002-07-16 00:07:58,069;cj267738-c;aaaa_ksheLRjgE;User 'ace' has role /role/super-user
2002-07-16 00:08:55,331;cj267738-c;aaaa_ksheLRjgE;User 'ace' (ace) is now authenticated for Session ID 'aaaa_ksheLRjgE'
2002-07-16 00:08:55,331;cj267738-c;aaaa_ksheLRjgE;User 'ace' has permissions {2, 3, 4, 5, 6, 7, 9}
2002-07-16 00:08:55,331;cj267738-c;aaaa_ksheLRjgE;User 'ace' has role /role/super-user
2002-07-16 00:09:48,187;cj267738-c;aaaa_ksheLRjgE;User 'ace' (ace) is now authenticated for Session ID 'aaaa_ksheLRjgE'
2002-07-16 00:09:48,187;cj267738-c;aaaa_ksheLRjgE;User 'ace' has permissions {2, 3, 4, 5, 6, 7, 9}
2002-07-16 00:09:48,187;cj267738-c;aaaa_ksheLRjgE;User 'ace' has role /role/super-user
2002-07-16 00:11:20,470;cj267738-c;aaaa_ksheLRjgE;User 'ace' (ace) is now authenticated for Session ID 'aaaa_ksheLRjgE'
2002-07-16 00:11:20,480;cj267738-c;aaaa_ksheLRjgE;User 'ace' has permissions {2, 3, 4, 5, 6, 7, 9}
2002-07-16 00:11:20,480;cj267738-c;aaaa_ksheLRjgE;User 'ace' has role /role/super-user
2002-07-16 00:12:15,579;cj267738-c;aaae8Lwaa1RMwR;User '0' (null) is now authenticated for Session ID 'aaae8Lwaa1RMwR'
2002-07-16 00:12:15,579;cj267738-c;aaae8Lwaa1RMwR;User '0' has permissions {2, 3, 4, 5, 6, 7, 9}
2002-07-16 00:12:15,579;cj267738-c;aaae8Lwaa1RMwR;User '0' has role /role/super-user
2002-07-17 21:27:11,625;cj267738-c;aaacANYdO9wyHW;User 'ace' (ace) is now authenticated for Session ID 'aaacANYdO9wyHW'
2002-07-17 21:27:11,645;cj267738-c;aaacANYdO9wyHW;User 'ace' has permissions {2, 3, 4, 5, 6, 7, 9}
2002-07-17 21:27:11,645;cj267738-c;aaacANYdO9wyHW;User 'ace' has role /role/super-user
2002-07-17 21:31:43,556;cj267738-c;aaacWZqM9XoxX4;User '4' (null) is now authenticated for Session ID 'aaacWZqM9XoxX4'
2002-07-17 21:31:43,556;cj267738-c;aaacWZqM9XoxX4;User '4' has permissions {2, 3, 4, 5, 6, 7, 9}
2002-07-17 21:31:43,556;cj267738-c;aaacWZqM9XoxX4;User '4' has role /role/super-user
2002-07-17 21:35:14,349;cj267738-c;aaacWZqM9XoxX4;User '0' (null) is now authenticated for Session ID 'aaacWZqM9XoxX4'
2002-07-17 21:35:14,349;cj267738-c;aaacWZqM9XoxX4;User '0' has permissions {2, 3, 4, 5, 6, 7, 9}
2002-07-17 21:35:14,349;cj267738-c;aaacWZqM9XoxX4;User '0' has role /role/super-user
2002-07-17 21:56:27,059;cj267738-c;aaacANYdO9wyHW;User 'ace' (ace) is now authenticated for Session ID 'aaacANYdO9wyHW'
2002-07-17 21:56:27,059;cj267738-c;aaacANYdO9wyHW;User 'ace' has permissions {2, 3, 4, 5, 6, 7, 9}
2002-07-17 21:56:27,059;cj267738-c;aaacANYdO9wyHW;User 'ace' has role /role/super-user
2002-07-17 21:57:57,299;cj267738-c;aaacANYdO9wyHW;User 'ace' (ace) is now authenticated for Session ID 'aaacANYdO9wyHW'
2002-07-17 21:57:57,299;cj267738-c;aaacANYdO9wyHW;User 'ace' has permissions {2, 3, 4, 5, 6, 7, 9}
2002-07-17 21:57:57,299;cj267738-c;aaacANYdO9wyHW;User 'ace' has role /role/super-user
2002-07-17 21:58:25,750;cj267738-c;aaacWZqM9XoxX4;User '0' (null) is now authenticated for Session ID 'aaacWZqM9XoxX4'
2002-07-17 21:58:25,750;cj267738-c;aaacWZqM9XoxX4;User '0' has permissions {2, 3, 4, 5, 6, 7, 9}
2002-07-17 21:58:25,750;cj267738-c;aaacWZqM9XoxX4;User '0' has role /role/super-user
2002-07-17 22:02:41,668;cj267738-c;aaacWZqM9XoxX4;User '0' (null) is now authenticated for Session ID 'aaacWZqM9XoxX4'
2002-07-17 22:02:41,668;cj267738-c;aaacWZqM9XoxX4;User '0' has permissions {2, 3, 4, 5, 6, 7, 9}
2002-07-17 22:02:41,668;cj267738-c;aaacWZqM9XoxX4;User '0' has role /role/super-user
2002-07-17 22:04:40,729;cj267738-c;aaacWZqM9XoxX4;User '0' (null) is now authenticated for Session ID 'aaacWZqM9XoxX4'
2002-07-17 22:04:40,739;cj267738-c;aaacWZqM9XoxX4;User '0' has permissions {2, 3, 4, 5, 6, 7, 9}
2002-07-17 22:04:40,739;cj267738-c;aaacWZqM9XoxX4;User '0' has role /role/super-user
2002-07-17 22:06:49,314;cj267738-c;aaacWZqM9XoxX4;User '0' (null) is now authenticated for Session ID 'aaacWZqM9XoxX4'
2002-07-17 22:06:49,314;cj267738-c;aaacWZqM9XoxX4;User '0' has permissions {2, 3, 4, 5, 6, 7, 9}
2002-07-17 22:06:49,314;cj267738-c;aaacWZqM9XoxX4;User '0' has role /role/super-user
2002-07-17 23:34:31,881;cj267738-c;aaacWZqM9XoxX4;User '0' (null) is now authenticated for Session ID 'aaacWZqM9XoxX4'
2002-07-17 23:34:31,881;cj267738-c;aaacWZqM9XoxX4;User '0' has permissions {2, 3, 4, 5, 6, 7, 9}
2002-07-17 23:34:31,881;cj267738-c;aaacWZqM9XoxX4;User '0' has role /role/super-user
2002-07-17 23:39:39,313;cj267738-c;aaacWZqM9XoxX4;User '0' (null) is now authenticated for Session ID 'aaacWZqM9XoxX4'
2002-07-17 23:39:39,313;cj267738-c;aaacWZqM9XoxX4;User '0' has permissions {2, 3, 4, 5, 6, 7, 9}
2002-07-17 23:39:39,313;cj267738-c;aaacWZqM9XoxX4;User '0' has role /role/super-user
2002-07-17 23:44:53,054;cj267738-c;aaacWZqM9XoxX4;User '0' (null) is now authenticated for Session ID 'aaacWZqM9XoxX4'
2002-07-17 23:44:53,054;cj267738-c;aaacWZqM9XoxX4;User '0' has permissions {2, 3, 4, 5, 6, 7, 9}
2002-07-17 23:44:53,054;cj267738-c;aaacWZqM9XoxX4;User '0' has role /role/super-user
2002-07-17 23:47:46,624;cj267738-c;aaacWZqM9XoxX4;User '0' (null) is now authenticated for Session ID 'aaacWZqM9XoxX4'
2002-07-17 23:47:46,624;cj267738-c;aaacWZqM9XoxX4;User '0' has permissions {2, 3, 4, 5, 6, 7, 9}
2002-07-17 23:47:46,624;cj267738-c;aaacWZqM9XoxX4;User '0' has role /role/super-user
2002-07-17 23:52:06,097;cj267738-c;aaacWZqM9XoxX4;User '0' (null) is now authenticated for Session ID 'aaacWZqM9XoxX4'
2002-07-17 23:52:06,097;cj267738-c;aaacWZqM9XoxX4;User '0' has permissions {2, 3, 4, 5, 6, 7, 9}
2002-07-17 23:52:06,097;cj267738-c;aaacWZqM9XoxX4;User '0' has role /role/super-user
2002-07-17 23:53:38,980;cj267738-c;aaacWZqM9XoxX4;User '0' (null) is now authenticated for Session ID 'aaacWZqM9XoxX4'
2002-07-17 23:53:38,980;cj267738-c;aaacWZqM9XoxX4;User '0' has permissions {2, 3, 4, 5, 6, 7, 9}
2002-07-17 23:53:38,980;cj267738-c;aaacWZqM9XoxX4;User '0' has role /role/super-user
2002-07-17 23:58:04,402;cj267738-c;aaacWZqM9XoxX4;User '0' (null) is now authenticated for Session ID 'aaacWZqM9XoxX4'
2002-07-17 23:58:04,402;cj267738-c;aaacWZqM9XoxX4;User '0' has permissions {2, 3, 4, 5, 6, 7, 9}
2002-07-17 23:58:04,402;cj267738-c;aaacWZqM9XoxX4;User '0' has role /role/super-user
2002-07-18 00:00:59,374;cj267738-c;aaacWZqM9XoxX4;User '0' (null) is now authenticated for Session ID 'aaacWZqM9XoxX4'
2002-07-18 00:00:59,374;cj267738-c;aaacWZqM9XoxX4;User '0' has permissions {2, 3, 4, 5, 6, 7, 9}
2002-07-18 00:00:59,374;cj267738-c;aaacWZqM9XoxX4;User '0' has role /role/super-user
2002-07-18 00:04:22,516;cj267738-c;aaacWZqM9XoxX4;User '0' (null) is now authenticated for Session ID 'aaacWZqM9XoxX4'
2002-07-18 00:04:22,516;cj267738-c;aaacWZqM9XoxX4;User '0' has permissions {2, 3, 4, 5, 6, 7, 9}
2002-07-18 00:04:22,516;cj267738-c;aaacWZqM9XoxX4;User '0' has role /role/super-user
2002-07-18 00:10:08,974;cj267738-c;aaacWZqM9XoxX4;User '0' (null) is now authenticated for Session ID 'aaacWZqM9XoxX4'
2002-07-18 00:10:08,974;cj267738-c;aaacWZqM9XoxX4;User '0' has permissions {2, 3, 4, 5, 6, 7, 9}
2002-07-18 00:10:08,974;cj267738-c;aaacWZqM9XoxX4;User '0' has role /role/super-user
2002-07-18 00:16:26,026;cj267738-c;aaacWZqM9XoxX4;User '0' (null) is now authenticated for Session ID 'aaacWZqM9XoxX4'
2002-07-18 00:16:26,026;cj267738-c;aaacWZqM9XoxX4;User '0' has permissions {2, 3, 4, 5, 6, 7, 9}
2002-07-18 00:16:26,026;cj267738-c;aaacWZqM9XoxX4;User '0' has role /role/super-user
2002-07-18 00:19:29,600;cj267738-c;aaacWZqM9XoxX4;User '0' (null) is now authenticated for Session ID 'aaacWZqM9XoxX4'
2002-07-18 00:19:29,600;cj267738-c;aaacWZqM9XoxX4;User '0' has permissions {2, 3, 4, 5, 6, 7, 9}
2002-07-18 00:19:29,600;cj267738-c;aaacWZqM9XoxX4;User '0' has role /role/super-user
2001-07-20 23:47:58,188;cj267738-c;aaa4cG0w3-64m5;User '0' (null) is now authenticated for Session ID 'aaa4cG0w3-64m5'
2001-07-20 23:47:58,188;cj267738-c;aaa4cG0w3-64m5;User '0' has permissions {2, 3, 4, 5, 6, 7, 9}
2001-07-20 23:47:58,188;cj267738-c;aaa4cG0w3-64m5;User '0' has role /role/super-user
2001-07-20 23:49:12,474;cj267738-c;aaa4cG0w3-64m5;User '0' (null) is now authenticated for Session ID 'aaa4cG0w3-64m5'
2001-07-20 23:49:12,474;cj267738-c;aaa4cG0w3-64m5;User '0' has permissions {2, 3, 4, 5, 6, 7, 9}
2001-07-20 23:49:12,474;cj267738-c;aaa4cG0w3-64m5;User '0' has role /role/super-user
2001-01-01 23:52:34,004;cj267738-c;aaa4cG0w3-64m5;User 'ace' (ace) is now authenticated for Session ID 'aaa4cG0w3-64m5'
2001-01-01 23:52:34,004;cj267738-c;aaa4cG0w3-64m5;User 'ace' has permissions {2, 3, 4, 5, 6, 7, 9}
2001-01-01 23:52:34,004;cj267738-c;aaa4cG0w3-64m5;User 'ace' has role /role/super-user
2002-07-20 23:55:29,612;cj267738-c;aaa4cG0w3-64m5;User 'ace' (ace) is now authenticated for Session ID 'aaa4cG0w3-64m5'
2002-07-20 23:55:29,612;cj267738-c;aaa4cG0w3-64m5;User 'ace' has permissions {2, 3, 4, 5, 6, 7, 9}
2002-07-20 23:55:29,612;cj267738-c;aaa4cG0w3-64m5;User 'ace' has role /role/super-user
2002-07-20 23:58:05,927;cj267738-c;aaa4cG0w3-64m5;User '0' (null) is now authenticated for Session ID 'aaa4cG0w3-64m5'
2002-07-20 23:58:05,927;cj267738-c;aaa4cG0w3-64m5;User '0' has permissions {2, 3, 4, 5, 6, 7, 9}
2002-07-20 23:58:05,927;cj267738-c;aaa4cG0w3-64m5;User '0' has role /role/super-user
2002-07-21 00:26:15,953;cj267738-c;aaa4cG0w3-64m5;User 'ace' (ace) is now authenticated for Session ID 'aaa4cG0w3-64m5'
2002-07-21 00:26:15,953;cj267738-c;aaa4cG0w3-64m5;User 'ace' has permissions {2, 3, 4, 5, 6, 7, 9}
2002-07-21 00:26:15,953;cj267738-c;aaa4cG0w3-64m5;User 'ace' has role /role/super-user
2002-07-21 00:29:48,288;cj267738-c;aaa4cG0w3-64m5;User 'ace' (ace) is now authenticated for Session ID 'aaa4cG0w3-64m5'
2002-07-21 00:29:48,288;cj267738-c;aaa4cG0w3-64m5;User 'ace' has permissions {2, 3, 4, 5, 6, 7, 9}
2002-07-21 00:29:48,288;cj267738-c;aaa4cG0w3-64m5;User 'ace' has role /role/super-user
2002-07-21 15:02:51,268;cj267738-c;aaadyMMeK2VmSq;User 'ace' (ace) is now authenticated for Session ID 'aaadyMMeK2VmSq'
2002-07-21 15:02:51,278;cj267738-c;aaadyMMeK2VmSq;User 'ace' has permissions {2, 3, 4, 5, 6, 7, 9}
2002-07-21 15:02:51,278;cj267738-c;aaadyMMeK2VmSq;User 'ace' has role /role/super-user
2002-07-21 15:08:43,814;cj267738-c;aaadyMMeK2VmSq;User 'ace' (ace) is now authenticated for Session ID 'aaadyMMeK2VmSq'
2002-07-21 15:08:43,814;cj267738-c;aaadyMMeK2VmSq;User 'ace' has permissions {2, 3, 4, 5, 6, 7, 9}
2002-07-21 15:08:43,814;cj267738-c;aaadyMMeK2VmSq;User 'ace' has role /role/super-user
2002-07-21 15:21:54,471;cj267738-c;aaadyMMeK2VmSq;User 'ace' (ace) is now authenticated for Session ID 'aaadyMMeK2VmSq'
2002-07-21 15:21:54,471;cj267738-c;aaadyMMeK2VmSq;User 'ace' has permissions {2, 3, 4, 5, 6, 7, 9}
2002-07-21 15:21:54,481;cj267738-c;aaadyMMeK2VmSq;User 'ace' has role /role/super-user
2002-07-21 15:32:52,397;cj267738-c;aaa7hkBkMwi911;User '5' (null) is now authenticated for Session ID 'aaa7hkBkMwi911'
2002-07-21 15:32:52,397;cj267738-c;aaa7hkBkMwi911;User '5' has permissions {2, 3, 4, 5, 6, 7, 9}
2002-07-21 15:32:52,407;cj267738-c;aaa7hkBkMwi911;User '5' has role /role/super-user
2002-07-21 22:17:39,841;cj267738-c;aaadyMMeK2VmSq;User 'ace' (ace) is now authenticated for Session ID 'aaadyMMeK2VmSq'
2002-07-21 22:17:39,861;cj267738-c;aaadyMMeK2VmSq;User 'ace' has permissions {2, 3, 4, 5, 6, 7, 9}
2002-07-21 22:17:39,861;cj267738-c;aaadyMMeK2VmSq;User 'ace' has role /role/super-user
2002-07-21 22:18:07,120;cj267738-c;aaa7hkBkMwi911;User '0' (null) is now authenticated for Session ID 'aaa7hkBkMwi911'
2002-07-21 22:18:07,120;cj267738-c;aaa7hkBkMwi911;User '0' has permissions {2, 3, 4, 5, 6, 7, 9}
2002-07-21 22:18:07,120;cj267738-c;aaa7hkBkMwi911;User '0' has role /role/super-user
2002-07-21 23:54:08,284;cj267738-c;aaadyMMeK2VmSq aaadyMMeK2VmSq aaadyMMeK2VmSq aaadyMMeK2VmSq aaadyMMeK2VmSq aaadyMMeK2VmSq;User 'ace' (ace) is now authenticated for Session ID 'aaadyMMeK2VmSq'
2002-07-21 23:54:08,284;cj267738-c;aaadyMMeK2VmSq aaadyMMeK2VmSq aaadyMMeK2VmSq aaadyMMeK2VmSq aaadyMMeK2VmSq aaadyMMeK2VmSq;User 'ace' has permissions {2, 3, 4, 5, 6, 7, 9}
2002-07-21 23:54:08,284;cj267738-c;aaadyMMeK2VmSq aaadyMMeK2VmSq aaadyMMeK2VmSq aaadyMMeK2VmSq aaadyMMeK2VmSq aaadyMMeK2VmSq;User 'ace' has role /role/super-user
2002-07-22 00:12:55,295;cj267738-c;aaadyMMeK2VmSq;User 'ace' (ace) is now authenticated for Session ID 'aaadyMMeK2VmSq'
2002-07-22 00:12:55,295;cj267738-c;aaadyMMeK2VmSq;User 'ace' has permissions {2, 3, 4, 5, 6, 7, 9}
2002-07-22 00:12:55,295;cj267738-c;aaadyMMeK2VmSq;User 'ace' has role /role/super-user
2002-07-22 00:21:10,898;cj267738-c;aaa7hkBkMwi911;User '0' (null) is now authenticated for Session ID 'aaa7hkBkMwi911'
2002-07-22 00:21:10,898;cj267738-c;aaa7hkBkMwi911;User '0' has permissions {2, 3, 4, 5, 6, 7, 9}
2002-07-22 00:21:10,898;cj267738-c;aaa7hkBkMwi911;User '0' has role /role/super-user
2002-07-22 00:39:47,703;cj267738-c;aaa7hkBkMwi911;User '0' (null) is now authenticated for Session ID 'aaa7hkBkMwi911'
2002-07-22 00:39:47,703;cj267738-c;aaa7hkBkMwi911;User '0' has permissions {2, 3, 4, 5, 6, 7, 9}
2002-07-22 00:39:47,703;cj267738-c;aaa7hkBkMwi911;User '0' has role /role/super-user
2002-07-22 00:41:41,417;cj267738-c;aaa7hkBkMwi911;User '0' (null) is now authenticated for Session ID 'aaa7hkBkMwi911'
2002-07-22 00:41:41,417;cj267738-c;aaa7hkBkMwi911;User '0' has permissions {2, 3, 4, 5, 6, 7, 9}
2002-07-22 00:41:41,417;cj267738-c;aaa7hkBkMwi911;User '0' has role /role/super-user
2002-07-22 00:44:54,475;cj267738-c;aaa7hkBkMwi911;User '0' (null) is now authenticated for Session ID 'aaa7hkBkMwi911'
2002-07-22 00:44:54,475;cj267738-c;aaa7hkBkMwi911;User '0' has permissions {2, 3, 4, 5, 6, 7, 9}
2002-07-22 00:44:54,475;cj267738-c;aaa7hkBkMwi911;User '0' has role /role/super-user
2002-07-22 00:48:09,545;cj267738-c;aaa7hkBkMwi911;User '0' (null) is now authenticated for Session ID 'aaa7hkBkMwi911'
2002-07-22 00:48:09,545;cj267738-c;aaa7hkBkMwi911;User '0' has permissions {2, 3, 4, 5, 6, 7, 9}
2002-07-22 00:48:09,565;cj267738-c;aaa7hkBkMwi911;User '0' has role /role/super-user
2002-07-22 01:32:13,806;cj267738-c;aaa7hkBkMwi911;User '0' (null) is now authenticated for Session ID 'aaa7hkBkMwi911'
2002-07-22 01:32:13,816;cj267738-c;aaa7hkBkMwi911;User '0' has permissions {2, 3, 4, 5, 6, 7, 9}
2002-07-22 01:32:13,816;cj267738-c;aaa7hkBkMwi911;User '0' has role /role/super-user
2002-07-22 01:57:23,006;cj267738-c;aaa7hkBkMwi911 aaa7hkBkMwi911;User '0' (null) is now authenticated for Session ID 'aaa7hkBkMwi911'
2002-07-22 01:57:23,026;cj267738-c;aaa7hkBkMwi911 aaa7hkBkMwi911;User '0' has permissions {2, 3, 4, 5, 6, 7, 9}
2002-07-22 01:57:23,026;cj267738-c;aaa7hkBkMwi911 aaa7hkBkMwi911;User '0' has role /role/super-user
2002-07-22 02:06:21,731;cj267738-c;aaa7hkBkMwi911;User '0' (null) is now authenticated for Session ID 'aaa7hkBkMwi911'
2002-07-22 02:06:21,731;cj267738-c;aaa7hkBkMwi911;User '0' has permissions {2, 3, 4, 5, 6, 7, 9}
2002-07-22 02:06:21,731;cj267738-c;aaa7hkBkMwi911;User '0' has role /role/super-user
2002-07-22 02:08:33,761;cj267738-c;aaa7hkBkMwi911;User '0' (null) is now authenticated for Session ID 'aaa7hkBkMwi911'
2002-07-22 02:08:33,761;cj267738-c;aaa7hkBkMwi911;User '0' has permissions {2, 3, 4, 5, 6, 7, 9}
2002-07-22 02:08:33,761;cj267738-c;aaa7hkBkMwi911;User '0' has role /role/super-user
