2002-04-10 17:17:41,474	rasha	CD6C6C8F44329F1803C2644BF6F1FF21	com.netspective.sparx.xaf.form.DialogContext	login ([B@1418d525)	60	/cura/index.jsp
2002-04-10 17:18:06,240	rasha	CD6C6C8F44329F1803C2644BF6F1FF21 CD6C6C8F44329F1803C2644BF6F1FF21	com.netspective.sparx.xaf.form.DialogContext	login ([B@27fc952b)	0	/cura/index.jsp
2002-04-10 18:02:13,286	rasha	8EB820DF7ECD6F78381A1CB538EA7204	com.netspective.sparx.xaf.form.DialogContext	login ([B@9819a2b)	10	/cura/index.jsp
2002-04-10 18:04:41,179	rasha	8EB820DF7ECD6F78381A1CB538EA7204 8EB820DF7ECD6F78381A1CB538EA7204	com.netspective.sparx.xaf.form.DialogContext	login ([B@3f46da24)	0	/cura/index.jsp
2002-04-10 18:04:44,443	rasha	8EB820DF7ECD6F78381A1CB538EA7204	com.netspective.sparx.xaf.form.DialogContext	login ([B@4e795a25)	10	/cura/index.jsp
2002-04-10 18:04:46,306	rasha	8EB820DF7ECD6F78381A1CB538EA7204 8EB820DF7ECD6F78381A1CB538EA7204	com.netspective.sparx.xaf.form.DialogContext	login ([B@250da25)	0	/cura/index.jsp
2002-04-10 18:04:51,073	rasha	8EB820DF7ECD6F78381A1CB538EA7204 8EB820DF7ECD6F78381A1CB538EA7204 8EB820DF7ECD6F78381A1CB538EA7204	com.netspective.sparx.xaf.form.DialogContext	login ([B@6faa5a26)	0	/cura/index.jsp
2002-04-10 18:04:52,725	rasha	8EB820DF7ECD6F78381A1CB538EA7204 8EB820DF7ECD6F78381A1CB538EA7204 8EB820DF7ECD6F78381A1CB538EA7204 8EB820DF7ECD6F78381A1CB538EA7204	com.netspective.sparx.xaf.form.DialogContext	login ([B@54835a26)	0	/cura/index.jsp
2002-04-10 18:04:54,047	rasha	8EB820DF7ECD6F78381A1CB538EA7204 8EB820DF7ECD6F78381A1CB538EA7204 8EB820DF7ECD6F78381A1CB538EA7204 8EB820DF7ECD6F78381A1CB538EA7204 8EB820DF7ECD6F78381A1CB538EA7204	com.netspective.sparx.xaf.form.DialogContext	login ([B@33ec5a29)	0	/cura/index.jsp
2002-04-10 18:05:23,069	rasha	5A206F7C8178F1915D1FE9DE15C90FB5	com.netspective.sparx.xaf.form.DialogContext	login ([B@1c785ac5)	0	/cura/index.jsp
2002-04-10 18:05:28,998	rasha	5A206F7C8178F1915D1FE9DE15C90FB5 5A206F7C8178F1915D1FE9DE15C90FB5	com.netspective.sparx.xaf.form.DialogContext	login ([B@288d5ac4)	0	/cura/index.jsp
2002-04-10 18:31:58,754	rasha	67EB9F04C5FF418D7DA9A989FE9BFA2E	com.netspective.sparx.xaf.form.DialogContext	login ([B@5b3d5dee)	71	/cura/index.jsp
2002-04-10 18:31:58,974	rasha	67EB9F04C5FF418D7DA9A989FE9BFA2E	com.netspective.sparx.xaf.skin.StandardDialogSkin	login ([B@5b3d5dee)	210	/cura/index.jsp
2002-04-10 18:31:59,024	rasha	67EB9F04C5FF418D7DA9A989FE9BFA2E	org.apache.jsp.index$jsp	/cura/index.jsp	1072	/cura/index.jsp
2002-04-10 19:12:10,131	rasha	0F84BFF38012B1E0CCCCB3792CE1EDBC	com.netspective.sparx.xaf.form.DialogContext	login ([B@5b219de1)	0	/cura/ace
2002-04-10 19:12:10,161	rasha	0F84BFF38012B1E0CCCCB3792CE1EDBC	com.netspective.sparx.xaf.skin.StandardDialogSkin	login ([B@5b219de1)	0	/cura/ace
2002-04-10 19:12:19,675	rasha	0F84BFF38012B1E0CCCCB3792CE1EDBC	com.netspective.sparx.xaf.form.DialogContext	login ([B@5b219de1)	0	/cura/ace
2002-04-10 19:12:20,225	rasha	0F84BFF38012B1E0CCCCB3792CE1EDBC	com.netspective.sparx.ace.page.HomePage	/cura/ace	550	/cura/ace
2002-04-10 19:12:33,775	rasha	0F84BFF38012B1E0CCCCB3792CE1EDBC	com.netspective.sparx.ace.page.MonitorLogPage	/cura/ace/application/monitor	10	/cura/ace/application/monitor
2002-04-10 19:12:44,140	rasha	0F84BFF38012B1E0CCCCB3792CE1EDBC	com.netspective.sparx.ace.page.DatabaseSqlPage	/cura/ace/database/sql	5138	/cura/ace/database/sql
2002-04-11 11:26:23,262	rasha	3F09A944A0EC2DE98B4886A681C40C9D	com.netspective.sparx.xaf.form.DialogContext	login ([B@7c5594b5)	10	/hello/index.jsp
2002-04-11 11:26:23,493	rasha	3F09A944A0EC2DE98B4886A681C40C9D	com.netspective.sparx.xaf.skin.StandardDialogSkin	login ([B@7c5594b5)	211	/hello/index.jsp
2002-04-11 11:26:23,593	rasha	3F09A944A0EC2DE98B4886A681C40C9D	org.apache.jsp.index$jsp	/hello/index.jsp	1182	/hello/index.jsp
2002-04-11 11:26:31,294	rasha	3F09A944A0EC2DE98B4886A681C40C9D	com.netspective.sparx.xaf.form.DialogContext	login ([B@3ba0d4b5)	0	/hello/ace
2002-04-11 11:26:31,294	rasha	3F09A944A0EC2DE98B4886A681C40C9D	com.netspective.sparx.xaf.skin.StandardDialogSkin	login ([B@3ba0d4b5)	0	/hello/ace
2002-04-11 11:26:34,769	rasha	3F09A944A0EC2DE98B4886A681C40C9D	com.netspective.sparx.xaf.form.DialogContext	login ([B@3ba0d4b5)	0	/hello/ace
2002-04-11 11:26:35,179	rasha	3F09A944A0EC2DE98B4886A681C40C9D	com.netspective.sparx.ace.page.HomePage	/hello/ace	420	/hello/ace
2002-04-11 11:26:46,135	rasha	3F09A944A0EC2DE98B4886A681C40C9D	com.netspective.sparx.ace.page.AppDialogsPage	/hello/ace/application/dialogs	3485	/hello/ace/application/dialogs
2002-04-11 11:32:51,601	rasha	3F09A944A0EC2DE98B4886A681C40C9D	com.netspective.sparx.ace.page.AppDialogsPage	/hello/ace/application/dialogs	1202	/hello/ace/application/dialogs
2002-04-11 11:32:55,987	rasha	3F09A944A0EC2DE98B4886A681C40C9D	com.netspective.sparx.ace.page.AppDialogsPage	/hello/ace/application/dialogs/describe/Test.DialogTest_01_A	531	/hello/ace/application/dialogs/describe/Test.DialogTest_01_A
2002-04-11 11:33:00,063	rasha	3F09A944A0EC2DE98B4886A681C40C9D	dialog.context.Test.DialogTest01AContext	Test_DialogTest_01_A ([B@5a5ad4b5)	0	/hello/ace/application/dialogs/test/Test.DialogTest_01_A
2002-04-11 11:33:00,073	rasha	3F09A944A0EC2DE98B4886A681C40C9D	com.netspective.sparx.xaf.skin.StandardDialogSkin	Test_DialogTest_01_A ([B@5a5ad4b5)	10	/hello/ace/application/dialogs/test/Test.DialogTest_01_A
2002-04-11 11:33:00,253	rasha	3F09A944A0EC2DE98B4886A681C40C9D	com.netspective.sparx.ace.page.AppDialogsPage	/hello/ace/application/dialogs/test/Test.DialogTest_01_A	370	/hello/ace/application/dialogs/test/Test.DialogTest_01_A
2002-04-11 11:33:45,048	rasha	3F09A944A0EC2DE98B4886A681C40C9D	com.netspective.sparx.ace.page.DatabaseSqlPage	/hello/ace/database/sql	401	/hello/ace/database/sql
2002-04-11 11:33:49,144	rasha	3F09A944A0EC2DE98B4886A681C40C9D	com.netspective.sparx.ace.page.DatabaseQueryDefnPage	/hello/ace/database/query-defn	471	/hello/ace/database/query-defn
2002-04-11 12:50:09,820	rasha	B6BD78C7029242409EE66427FBE86ACD	com.netspective.sparx.xaf.form.DialogContext	login ([B@54f54bb)	10	/hello/ace
2002-04-11 12:50:09,920	rasha	B6BD78C7029242409EE66427FBE86ACD	com.netspective.sparx.xaf.skin.StandardDialogSkin	login ([B@54f54bb)	10	/hello/ace
2002-04-11 12:50:11,683	rasha	B6BD78C7029242409EE66427FBE86ACD	com.netspective.sparx.xaf.form.DialogContext	login ([B@54f54bb)	0	/hello/ace
2002-04-11 12:50:13,586	rasha	B6BD78C7029242409EE66427FBE86ACD	com.netspective.sparx.ace.page.HomePage	/hello/ace	1903	/hello/ace
2002-04-11 12:50:18,593	rasha	B6BD78C7029242409EE66427FBE86ACD	com.netspective.sparx.ace.page.AppDialogsPage	/hello/ace/application/dialogs	1823	/hello/ace/application/dialogs
2002-04-11 12:50:24,051	rasha	B6BD78C7029242409EE66427FBE86ACD	com.netspective.sparx.ace.page.AppDialogsPage	/hello/ace/application/dialogs/describe/tutorial.hello.first	1172	/hello/ace/application/dialogs/describe/tutorial.hello.first
2002-04-11 12:50:57,639	rasha	B6BD78C7029242409EE66427FBE86ACD	com.netspective.sparx.ace.page.AppDialogsPage	/hello/ace/application/dialogs/describe/tutorial.hello.first	621	/hello/ace/application/dialogs/describe/tutorial.hello.first
2002-04-11 12:51:02,836	rasha	B6BD78C7029242409EE66427FBE86ACD B6BD78C7029242409EE66427FBE86ACD	com.netspective.sparx.ace.page.AppDialogsPage	/hello/ace/application/dialogs	741	/hello/ace/application/dialogs
2002-04-11 12:51:05,671	rasha	B6BD78C7029242409EE66427FBE86ACD	com.netspective.sparx.ace.page.AppDialogsPage	/hello/ace/application/dialogs/describe/tutorial.hello_first	331	/hello/ace/application/dialogs/describe/tutorial.hello_first
2002-04-11 12:51:08,995	rasha	B6BD78C7029242409EE66427FBE86ACD B6BD78C7029242409EE66427FBE86ACD	com.netspective.sparx.xaf.form.DialogContext	tutorial_hello_first ([B@4b2194b6)	0	/hello/ace/application/dialogs/test/tutorial.hello_first
2002-04-11 12:51:08,995	rasha	B6BD78C7029242409EE66427FBE86ACD B6BD78C7029242409EE66427FBE86ACD	com.netspective.sparx.xaf.skin.StandardDialogSkin	tutorial_hello_first ([B@4b2194b6)	0	/hello/ace/application/dialogs/test/tutorial.hello_first
2002-04-11 12:51:09,065	rasha	B6BD78C7029242409EE66427FBE86ACD B6BD78C7029242409EE66427FBE86ACD	com.netspective.sparx.ace.page.AppDialogsPage	/hello/ace/application/dialogs/test/tutorial.hello_first	250	/hello/ace/application/dialogs/test/tutorial.hello_first
2002-04-11 12:51:14,303	rasha	B6BD78C7029242409EE66427FBE86ACD	com.netspective.sparx.xaf.form.DialogContext	tutorial_hello_first ([B@4b2194b6)	0	/hello/ace/application/dialogs/test/tutorial.hello_first
2002-04-11 12:51:14,693	rasha	B6BD78C7029242409EE66427FBE86ACD	com.netspective.sparx.xaf.skin.StandardDialogSkin	tutorial_hello_first ([B@4b2194b6)	0	/hello/ace/application/dialogs/test/tutorial.hello_first
2002-04-11 12:51:14,734	rasha	B6BD78C7029242409EE66427FBE86ACD	com.netspective.sparx.ace.page.AppDialogsPage	/hello/ace/application/dialogs/test/tutorial.hello_first	431	/hello/ace/application/dialogs/test/tutorial.hello_first
2002-04-11 12:52:55,759	rasha	B6BD78C7029242409EE66427FBE86ACD	com.netspective.sparx.ace.page.DocumentsPage	/hello/ace/documents/xaf-tagdoc	0	/hello/ace/documents/xaf-tagdoc
2002-04-11 12:53:03,109	rasha	B6BD78C7029242409EE66427FBE86ACD	com.netspective.sparx.ace.page.AppDialogsPage	/hello/ace/application/dialogs/describe/tutorial.hello_first	350	/hello/ace/application/dialogs/describe/tutorial.hello_first
2002-04-11 13:01:30,148	rasha	B6BD78C7029242409EE66427FBE86ACD	com.netspective.sparx.ace.page.AppDialogsPage	/hello/ace/application/dialogs	650	/hello/ace/application/dialogs
2002-04-11 13:01:32,662	rasha	B6BD78C7029242409EE66427FBE86ACD B6BD78C7029242409EE66427FBE86ACD	com.netspective.sparx.ace.page.AppDialogsPage	/hello/ace/application/dialogs/describe/tutorial.hello_second	310	/hello/ace/application/dialogs/describe/tutorial.hello_second
2002-04-11 13:01:34,975	rasha	B6BD78C7029242409EE66427FBE86ACD	com.netspective.sparx.xaf.form.DialogContext	tutorial_hello_second ([B@5d5514b1)	0	/hello/ace/application/dialogs/test/tutorial.hello_second
2002-04-11 13:01:35,316	rasha	B6BD78C7029242409EE66427FBE86ACD	com.netspective.sparx.xaf.skin.StandardDialogSkin	tutorial_hello_second ([B@5d5514b1)	321	/hello/ace/application/dialogs/test/tutorial.hello_second
2002-04-11 13:01:35,386	rasha	B6BD78C7029242409EE66427FBE86ACD	com.netspective.sparx.ace.page.AppDialogsPage	/hello/ace/application/dialogs/test/tutorial.hello_second	411	/hello/ace/application/dialogs/test/tutorial.hello_second
2002-04-11 13:01:50,628	rasha	B6BD78C7029242409EE66427FBE86ACD	com.netspective.sparx.xaf.form.DialogContext	tutorial_hello_second ([B@5d5514b1)	0	/hello/ace/application/dialogs/test/tutorial.hello_second
2002-04-11 13:01:50,628	rasha	B6BD78C7029242409EE66427FBE86ACD	com.netspective.sparx.xaf.skin.StandardDialogSkin	tutorial_hello_second ([B@5d5514b1)	0	/hello/ace/application/dialogs/test/tutorial.hello_second
2002-04-11 13:01:50,638	rasha	B6BD78C7029242409EE66427FBE86ACD	com.netspective.sparx.ace.page.AppDialogsPage	/hello/ace/application/dialogs/test/tutorial.hello_second	10	/hello/ace/application/dialogs/test/tutorial.hello_second
2002-04-11 14:22:26,552	rasha	C681EC92114D9253AE1D13207470CCA2	com.netspective.sparx.xaf.form.DialogContext	login ([B@4d3114b1)	20	/hello/index.jsp
2002-04-11 14:22:26,592	rasha	C681EC92114D9253AE1D13207470CCA2	com.netspective.sparx.xaf.skin.StandardDialogSkin	login ([B@4d3114b1)	10	/hello/index.jsp
2002-04-11 14:22:26,632	rasha	C681EC92114D9253AE1D13207470CCA2	org.apache.jsp.index$jsp	/hello/index.jsp	130	/hello/index.jsp
2002-04-11 14:22:31,609	rasha	C681EC92114D9253AE1D13207470CCA2	com.netspective.sparx.xaf.form.DialogContext	login ([B@16ab14b1)	0	/hello/index.jsp
2002-04-11 14:22:31,609	rasha	C681EC92114D9253AE1D13207470CCA2	com.netspective.sparx.xaf.skin.StandardDialogSkin	login ([B@16ab14b1)	0	/hello/index.jsp
2002-04-11 14:22:31,609	rasha	C681EC92114D9253AE1D13207470CCA2	org.apache.jsp.index$jsp	/hello/index.jsp	0	/hello/index.jsp
2002-04-11 14:22:36,125	rasha	B6BD78C7029242409EE66427FBE86ACD C681EC92114D9253AE1D13207470CCA2	com.netspective.sparx.xaf.form.DialogContext	login ([B@521194b0)	0	/hello/index.jsp
2002-04-11 14:22:36,145	rasha	B6BD78C7029242409EE66427FBE86ACD C681EC92114D9253AE1D13207470CCA2	com.netspective.sparx.xaf.skin.StandardDialogSkin	login ([B@521194b0)	0	/hello/index.jsp
2002-04-11 14:22:36,155	rasha	B6BD78C7029242409EE66427FBE86ACD C681EC92114D9253AE1D13207470CCA2	org.apache.jsp.index$jsp	/hello/index.jsp	30	/hello/index.jsp
2002-04-11 14:23:14,881	rasha	C681EC92114D9253AE1D13207470CCA2	com.netspective.sparx.xaf.form.DialogContext	login ([B@560114b7)	0	/hello/index.jsp
2002-04-11 14:23:14,891	rasha	C681EC92114D9253AE1D13207470CCA2	com.netspective.sparx.xaf.skin.StandardDialogSkin	login ([B@560114b7)	0	/hello/index.jsp
2002-04-11 14:23:14,901	rasha	C681EC92114D9253AE1D13207470CCA2	org.apache.jsp.index$jsp	/hello/index.jsp	20	/hello/index.jsp
2002-04-11 14:23:16,433	rasha	C681EC92114D9253AE1D13207470CCA2	com.netspective.sparx.xaf.form.DialogContext	login ([B@676854b6)	0	/hello/index.jsp
2002-04-11 14:23:16,433	rasha	C681EC92114D9253AE1D13207470CCA2	com.netspective.sparx.xaf.skin.StandardDialogSkin	login ([B@676854b6)	0	/hello/index.jsp
2002-04-11 14:23:16,433	rasha	C681EC92114D9253AE1D13207470CCA2	org.apache.jsp.index$jsp	/hello/index.jsp	0	/hello/index.jsp
2002-04-11 14:24:45,572	rasha	E4C282E996CB40D8D8C9BC60BFD5A475	org.apache.jsp.index$jsp	/hello/index.jsp	401	/hello/index.jsp
2002-04-11 14:26:56,370	rasha	E4C282E996CB40D8D8C9BC60BFD5A475	com.netspective.sparx.xaf.form.DialogContext	login ([B@100469a4)	10	/hello/ace
2002-04-11 14:26:56,400	rasha	E4C282E996CB40D8D8C9BC60BFD5A475	com.netspective.sparx.xaf.skin.StandardDialogSkin	login ([B@100469a4)	10	/hello/ace
2002-04-11 14:26:57,912	rasha	E4C282E996CB40D8D8C9BC60BFD5A475	com.netspective.sparx.xaf.form.DialogContext	login ([B@100469a4)	0	/hello/ace
2002-04-11 14:26:58,212	rasha	E4C282E996CB40D8D8C9BC60BFD5A475	com.netspective.sparx.ace.page.HomePage	/hello/ace	300	/hello/ace
2002-04-11 14:27:03,290	rasha	E4C282E996CB40D8D8C9BC60BFD5A475	com.netspective.sparx.ace.page.AppDialogsPage	/hello/ace/application/dialogs	2875	/hello/ace/application/dialogs
2002-04-11 14:27:42,005	rasha	E4C282E996CB40D8D8C9BC60BFD5A475	com.netspective.sparx.xaf.form.DialogContext	tutorial_hello_first ([B@54629a9)	10	/hello/index.jsp
2002-04-11 14:27:42,005	rasha	E4C282E996CB40D8D8C9BC60BFD5A475	com.netspective.sparx.xaf.skin.StandardDialogSkin	tutorial_hello_first ([B@54629a9)	0	/hello/index.jsp
2002-04-11 14:27:42,005	rasha	E4C282E996CB40D8D8C9BC60BFD5A475	org.apache.jsp.index$jsp	/hello/index.jsp	110	/hello/index.jsp
2002-04-11 14:27:54,243	rasha	E4C282E996CB40D8D8C9BC60BFD5A475	com.netspective.sparx.xaf.form.DialogContext	tutorial_hello_first ([B@6e76e9a9)	10	/hello/index.jsp
2002-04-11 14:27:54,253	rasha	E4C282E996CB40D8D8C9BC60BFD5A475	com.netspective.sparx.xaf.skin.StandardDialogSkin	tutorial_hello_first ([B@6e76e9a9)	10	/hello/index.jsp
2002-04-11 14:27:54,253	rasha	E4C282E996CB40D8D8C9BC60BFD5A475	org.apache.jsp.index$jsp	/hello/index.jsp	1212	/hello/index.jsp
2002-04-11 14:27:58,449	rasha	E4C282E996CB40D8D8C9BC60BFD5A475	com.netspective.sparx.xaf.form.DialogContext	tutorial_hello_first ([B@31d629a9)	0	/hello/index.jsp
2002-04-11 14:27:58,449	rasha	E4C282E996CB40D8D8C9BC60BFD5A475	com.netspective.sparx.xaf.skin.StandardDialogSkin	tutorial_hello_first ([B@31d629a9)	0	/hello/index.jsp
2002-04-11 14:27:58,449	rasha	E4C282E996CB40D8D8C9BC60BFD5A475	org.apache.jsp.index$jsp	/hello/index.jsp	0	/hello/index.jsp
2002-04-11 14:28:00,302	rasha	E4C282E996CB40D8D8C9BC60BFD5A475	com.netspective.sparx.xaf.form.DialogContext	tutorial_hello_first ([B@19e869a9)	0	/hello/index.jsp
2002-04-11 14:28:00,302	rasha	E4C282E996CB40D8D8C9BC60BFD5A475	com.netspective.sparx.xaf.skin.StandardDialogSkin	tutorial_hello_first ([B@19e869a9)	0	/hello/index.jsp
2002-04-11 14:28:00,302	rasha	E4C282E996CB40D8D8C9BC60BFD5A475	org.apache.jsp.index$jsp	/hello/index.jsp	10	/hello/index.jsp
2002-04-11 14:28:01,764	rasha	E4C282E996CB40D8D8C9BC60BFD5A475	com.netspective.sparx.xaf.form.DialogContext	tutorial_hello_first ([B@78a1a9a9)	0	/hello/index.jsp
2002-04-11 14:28:01,764	rasha	E4C282E996CB40D8D8C9BC60BFD5A475	com.netspective.sparx.xaf.skin.StandardDialogSkin	tutorial_hello_first ([B@78a1a9a9)	0	/hello/index.jsp
2002-04-11 14:28:01,764	rasha	E4C282E996CB40D8D8C9BC60BFD5A475	org.apache.jsp.index$jsp	/hello/index.jsp	0	/hello/index.jsp
2002-04-11 14:28:06,801	rasha	E4C282E996CB40D8D8C9BC60BFD5A475	com.netspective.sparx.xaf.form.DialogContext	tutorial_hello_second ([B@6ed69ab)	0	/hello/index2.jsp
2002-04-11 14:28:07,021	rasha	E4C282E996CB40D8D8C9BC60BFD5A475	com.netspective.sparx.xaf.skin.StandardDialogSkin	tutorial_hello_second ([B@6ed69ab)	220	/hello/index2.jsp
2002-04-11 14:28:07,021	rasha	E4C282E996CB40D8D8C9BC60BFD5A475	org.apache.jsp.index2$jsp	/hello/index2.jsp	220	/hello/index2.jsp
2002-04-11 14:29:25,704	rasha	E4C282E996CB40D8D8C9BC60BFD5A475	com.netspective.sparx.xaf.form.DialogContext	tutorial_hello_second ([B@644269aa)	0	/hello/index2.jsp
2002-04-11 14:29:25,704	rasha	E4C282E996CB40D8D8C9BC60BFD5A475	com.netspective.sparx.xaf.skin.StandardDialogSkin	tutorial_hello_second ([B@644269aa)	0	/hello/index2.jsp
2002-04-11 14:29:25,704	rasha	E4C282E996CB40D8D8C9BC60BFD5A475	org.apache.jsp.index2$jsp	/hello/index2.jsp	0	/hello/index2.jsp
2002-04-11 14:29:34,647	rasha	E4C282E996CB40D8D8C9BC60BFD5A475	com.netspective.sparx.xaf.form.DialogContext	tutorial_hello_first ([B@464469a9)	10	/hello/index.jsp
2002-04-11 14:29:34,647	rasha	E4C282E996CB40D8D8C9BC60BFD5A475	com.netspective.sparx.xaf.skin.StandardDialogSkin	tutorial_hello_first ([B@464469a9)	0	/hello/index.jsp
2002-04-11 14:29:34,647	rasha	E4C282E996CB40D8D8C9BC60BFD5A475	org.apache.jsp.index$jsp	/hello/index.jsp	10	/hello/index.jsp
2002-04-11 15:09:22,360	rasha		com.netspective.sparx.xaf.form.DialogContext	tutorial_hello_first ([B@69bbadeb)	10	/hello/index.jsp
2002-04-11 15:09:22,370	rasha		com.netspective.sparx.xaf.skin.StandardDialogSkin	tutorial_hello_first ([B@69bbadeb)	0	/hello/index.jsp
2002-04-11 15:09:55,588	rasha		com.netspective.sparx.xaf.form.DialogContext	tutorial_hello_first ([B@1c062deb)	0	/hello/index.jsp
2002-04-11 15:09:55,588	rasha		com.netspective.sparx.xaf.skin.StandardDialogSkin	tutorial_hello_first ([B@1c062deb)	0	/hello/index.jsp
2002-04-11 15:10:01,677	rasha		com.netspective.sparx.xaf.form.DialogContext	tutorial_hello_second ([B@6111edea)	0	/hello/index2.jsp
2002-04-11 15:10:02,067	rasha		com.netspective.sparx.xaf.skin.StandardDialogSkin	tutorial_hello_second ([B@6111edea)	390	/hello/index2.jsp
2002-04-11 15:26:50,287	rasha		com.netspective.sparx.xaf.form.DialogContext	tutorial_hello_first ([B@a830cc)	10	/hello/index.jsp
2002-04-11 15:26:50,297	rasha		com.netspective.sparx.xaf.skin.StandardDialogSkin	tutorial_hello_first ([B@a830cc)	0	/hello/index.jsp
2002-04-11 15:26:56,396	rasha		com.netspective.sparx.xaf.form.DialogContext	tutorial_hello_first ([B@a830cc)	10	/hello/index.jsp
2002-04-11 15:27:05,499	rasha		com.netspective.sparx.xaf.form.DialogContext	tutorial_hello_first ([B@3c1d30c3)	0	/hello/index.jsp
2002-04-11 15:27:05,499	rasha		com.netspective.sparx.xaf.skin.StandardDialogSkin	tutorial_hello_first ([B@3c1d30c3)	0	/hello/index.jsp
2002-04-11 15:27:22,093	rasha	D4DFEAD8958750CCFCE60D04A72E5B3C	com.netspective.sparx.xaf.form.DialogContext	login ([B@22ef70cd)	0	/hello/ace
2002-04-11 15:27:22,103	rasha	D4DFEAD8958750CCFCE60D04A72E5B3C	com.netspective.sparx.xaf.skin.StandardDialogSkin	login ([B@22ef70cd)	0	/hello/ace
2002-04-11 15:27:23,485	rasha	D4DFEAD8958750CCFCE60D04A72E5B3C	com.netspective.sparx.xaf.form.DialogContext	login ([B@22ef70cd)	0	/hello/ace
2002-04-11 15:27:23,835	rasha	D4DFEAD8958750CCFCE60D04A72E5B3C	com.netspective.sparx.ace.page.HomePage	/hello/ace	350	/hello/ace
2002-04-11 15:27:27,741	rasha	D4DFEAD8958750CCFCE60D04A72E5B3C	com.netspective.sparx.ace.page.AppDialogsPage	/hello/ace/application/dialogs	2003	/hello/ace/application/dialogs
2002-04-11 15:27:32,348	rasha	D4DFEAD8958750CCFCE60D04A72E5B3C	com.netspective.sparx.ace.page.AppDialogsPage	/hello/ace/application/dialogs/describe/tutorial.hello_first	902	/hello/ace/application/dialogs/describe/tutorial.hello_first
2002-04-11 19:23:11,419	rasha		com.netspective.sparx.xaf.form.DialogContext	tutorial_hello_first ([B@36ccad)	0	/hello/index.jsp
2002-04-11 19:23:11,439	rasha		com.netspective.sparx.xaf.skin.StandardDialogSkin	tutorial_hello_first ([B@36ccad)	0	/hello/index.jsp
2002-04-11 19:23:16,636	rasha	FF36D2D1DA7B7E0553355A5E9FCDABC1	com.netspective.sparx.xaf.form.DialogContext	login ([B@41520ca3)	0	/hello/ace
2002-04-11 19:23:16,636	rasha	FF36D2D1DA7B7E0553355A5E9FCDABC1	com.netspective.sparx.xaf.skin.StandardDialogSkin	login ([B@41520ca3)	0	/hello/ace
2002-04-11 19:23:18,539	rasha	FF36D2D1DA7B7E0553355A5E9FCDABC1	com.netspective.sparx.xaf.form.DialogContext	login ([B@41520ca3)	0	/hello/ace
2002-04-11 19:23:18,919	rasha	FF36D2D1DA7B7E0553355A5E9FCDABC1	com.netspective.sparx.ace.page.HomePage	/hello/ace	380	/hello/ace
2002-04-11 19:23:23,496	rasha	FF36D2D1DA7B7E0553355A5E9FCDABC1	com.netspective.sparx.ace.page.AppDialogsPage	/hello/ace/application/dialogs	1833	/hello/ace/application/dialogs
2002-04-11 19:23:29,565	rasha		com.netspective.sparx.xaf.form.DialogContext	tutorial_hello_first ([B@53bd8cad)	0	/hello/index.jsp
2002-04-11 19:23:29,565	rasha		com.netspective.sparx.xaf.skin.StandardDialogSkin	tutorial_hello_first ([B@53bd8cad)	0	/hello/index.jsp
2002-04-11 19:23:33,991	rasha		com.netspective.sparx.xaf.form.DialogContext	tutorial_hello_first ([B@53bd8cad)	0	/hello/index.jsp
2002-04-11 19:24:20,938	rasha		com.netspective.sparx.xaf.form.DialogContext	tutorial_hello_first ([B@6f0f4ca3)	0	/hello/index.jsp?personName=Shahbaz
2002-04-11 19:24:20,948	rasha		com.netspective.sparx.xaf.skin.StandardDialogSkin	tutorial_hello_first ([B@6f0f4ca3)	10	/hello/index.jsp?personName=Shahbaz
2002-04-11 19:24:26,306	rasha		com.netspective.sparx.xaf.form.DialogContext	tutorial_hello_first ([B@6f0f4ca3)	0	/hello/index.jsp
2002-04-11 19:50:29,374	rasha		dialog.context.tutorial.HelloFirstContext	tutorial_hello_first ([B@47944fd9)	0	/hello/index.jsp
2002-04-11 19:50:29,384	rasha		com.netspective.sparx.xaf.skin.StandardDialogSkin	tutorial_hello_first ([B@47944fd9)	0	/hello/index.jsp
2002-04-11 19:50:32,438	rasha		dialog.context.tutorial.HelloFirstContext	tutorial_hello_first ([B@47944fd9)	10	/hello/index.jsp
2002-04-11 19:50:37,155	rasha		dialog.context.tutorial.HelloFirstContext	tutorial_hello_first ([B@47944fd9)	0	/hello/index.jsp
2002-04-11 19:50:39,538	rasha		dialog.context.tutorial.HelloFirstContext	tutorial_hello_first ([B@47944fd9)	0	/hello/index.jsp
2002-04-11 19:51:31,243	rasha		dialog.context.tutorial.HelloFirstContext	tutorial_hello_first ([B@47944fd9)	0	/hello/index.jsp
2002-04-11 19:51:33,646	rasha		dialog.context.tutorial.HelloFirstContext	tutorial_hello_first ([B@508acfd6)	0	/hello/index.jsp
2002-04-11 19:51:33,646	rasha		com.netspective.sparx.xaf.skin.StandardDialogSkin	tutorial_hello_first ([B@508acfd6)	0	/hello/index.jsp
2002-04-11 19:51:36,620	rasha		dialog.context.tutorial.HelloFirstContext	tutorial_hello_first ([B@508acfd6)	0	/hello/index.jsp
2002-04-11 19:51:41,147	rasha		dialog.context.tutorial.HelloFirstContext	tutorial_hello_first ([B@508acfd6)	10	/hello/index.jsp
2002-04-11 19:53:20,620	rasha		dialog.context.tutorial.HelloFirstContext	tutorial_hello_first ([B@64e59038)	10	/hello/index.jsp
2002-04-11 19:53:20,620	rasha		com.netspective.sparx.xaf.skin.StandardDialogSkin	tutorial_hello_first ([B@64e59038)	0	/hello/index.jsp
2002-04-11 19:53:23,174	rasha		dialog.context.tutorial.HelloFirstContext	tutorial_hello_first ([B@64e59038)	10	/hello/index.jsp
2002-04-11 19:53:48,370	rasha		dialog.context.tutorial.HelloFirstContext	tutorial_hello_first ([B@64e59038)	0	/hello/index.jsp
2002-04-11 19:53:53,317	rasha		dialog.context.tutorial.HelloFirstContext	tutorial_hello_first ([B@4f5f1038)	0	/hello/index.jsp
2002-04-11 19:53:53,317	rasha		com.netspective.sparx.xaf.skin.StandardDialogSkin	tutorial_hello_first ([B@4f5f1038)	0	/hello/index.jsp
2002-04-11 19:53:56,231	rasha		dialog.context.tutorial.HelloFirstContext	tutorial_hello_first ([B@4f5f1038)	0	/hello/index.jsp
2002-04-11 19:54:00,187	rasha		dialog.context.tutorial.HelloFirstContext	tutorial_hello_first ([B@1cb69038)	10	/hello/index.jsp
2002-04-11 19:54:00,187	rasha		com.netspective.sparx.xaf.skin.StandardDialogSkin	tutorial_hello_first ([B@1cb69038)	0	/hello/index.jsp
2002-04-11 19:54:04,253	rasha		dialog.context.tutorial.HelloFirstContext	tutorial_hello_first ([B@1cb69038)	0	/hello/index.jsp
