2002-04-23 13:54:39,710;rasha;C66AEABA50821191F6D66619101018C2;User 'ace' (ace) is now authenticated for Session ID 'C66AEABA50821191F6D66619101018C2'
2002-04-23 13:54:39,710;rasha;C66AEABA50821191F6D66619101018C2;User 'ace' has permissions {2, 3, 4, 5, 6, 7, 9}
2002-04-23 13:54:39,710;rasha;C66AEABA50821191F6D66619101018C2;User 'ace' has role /role/super-user
2002-04-23 15:16:21,909;rasha;47852C01601937474EEF84E736728539;User 'ace' (ace) is now authenticated for Session ID '47852C01601937474EEF84E736728539'
2002-04-23 15:16:21,919;rasha;47852C01601937474EEF84E736728539;User 'ace' has permissions {2, 3, 4, 5, 6, 7, 9}
2002-04-23 15:16:21,919;rasha;47852C01601937474EEF84E736728539;User 'ace' has role /role/super-user
2002-04-23 20:25:03,752;rasha;7C42AF50987BF0463B96E9EE7FAF4895;User 'ace' (ace) is now authenticated for Session ID '7C42AF50987BF0463B96E9EE7FAF4895'
2002-04-23 20:25:03,772;rasha;7C42AF50987BF0463B96E9EE7FAF4895;User 'ace' has permissions {2, 3, 4, 5, 6, 7, 9}
2002-04-23 20:25:03,772;rasha;7C42AF50987BF0463B96E9EE7FAF4895;User 'ace' has role /role/super-user
2002-04-23 22:17:21,801;rasha;21B78EDC529F552FD6756307D4B1087D;User 'ace' (ace) is now authenticated for Session ID '21B78EDC529F552FD6756307D4B1087D'
2002-04-23 22:17:21,821;rasha;21B78EDC529F552FD6756307D4B1087D;User 'ace' has permissions {2, 3, 4, 5, 6, 7, 9}
2002-04-23 22:17:21,821;rasha;21B78EDC529F552FD6756307D4B1087D;User 'ace' has role /role/super-user
2002-04-23 22:30:27,991;rasha;4B13062978B1CA1EDEA6680E890273D1;User 'ace' (ace) is now authenticated for Session ID '4B13062978B1CA1EDEA6680E890273D1'
2002-04-23 22:30:28,011;rasha;4B13062978B1CA1EDEA6680E890273D1;User 'ace' has permissions {2, 3, 4, 5, 6, 7, 9}
2002-04-23 22:30:28,011;rasha;4B13062978B1CA1EDEA6680E890273D1;User 'ace' has role /role/super-user
2002-04-23 22:36:01,781;rasha;FC1B3D11B562F3F1DEF33964EE469320;User 'ace' (ace) is now authenticated for Session ID 'FC1B3D11B562F3F1DEF33964EE469320'
2002-04-23 22:36:01,781;rasha;FC1B3D11B562F3F1DEF33964EE469320;User 'ace' has permissions {2, 3, 4, 5, 6, 7, 9}
2002-04-23 22:36:01,781;rasha;FC1B3D11B562F3F1DEF33964EE469320;User 'ace' has role /role/super-user
2002-04-23 23:32:20,440;rasha;0A069D2B7572518CA9150AAD73D4958F;User 'ace' (ace) is now authenticated for Session ID '0A069D2B7572518CA9150AAD73D4958F'
2002-04-23 23:32:20,450;rasha;0A069D2B7572518CA9150AAD73D4958F;User 'ace' has permissions {2, 3, 4, 5, 6, 7, 9}
2002-04-23 23:32:20,450;rasha;0A069D2B7572518CA9150AAD73D4958F;User 'ace' has role /role/super-user
2002-04-23 23:34:52,308;rasha;6D6276F127A69E1402C80BE8EC608E6B;User 'ace' (ace) is now authenticated for Session ID '6D6276F127A69E1402C80BE8EC608E6B'
2002-04-23 23:34:52,318;rasha;6D6276F127A69E1402C80BE8EC608E6B;User 'ace' has permissions {2, 3, 4, 5, 6, 7, 9}
2002-04-23 23:34:52,318;rasha;6D6276F127A69E1402C80BE8EC608E6B;User 'ace' has role /role/super-user
