2002-02-25 00:07:24,447;mayra;aaa9HZw-GuEKah;User 'ace' (ace) is now authenticated for Session ID 'aaa9HZw-GuEKah'
2002-02-25 00:07:24,447;mayra;aaa9HZw-GuEKah;User 'ace' has permissions {2, 3, 4, 5, 6, 7, 9}
2002-02-25 00:07:24,448;mayra;aaa9HZw-GuEKah;User 'ace' has role /role/super-user
2002-02-25 01:09:49,243;mayra;aaahZ1ReZLKpO-;User 'wily coyote' (wily) is now authenticated for Session ID 'aaahZ1ReZLKpO-'
2002-02-25 01:09:49,243;mayra;aaahZ1ReZLKpO-;User 'wily coyote' has permissions {2, 3, 4, 5, 6, 7, 9}
2002-02-25 01:09:49,244;mayra;aaahZ1ReZLKpO-;User 'wily coyote' has role /role/super-user
2002-02-25 01:13:22,749;mayra;aaahZ1ReZLKpO-;User 'wily coyote' (wily) is now authenticated for Session ID 'aaahZ1ReZLKpO-'
2002-02-25 01:13:22,755;mayra;aaahZ1ReZLKpO-;User 'wily coyote' has permissions {2, 3, 4, 5, 6, 7, 9}
2002-02-25 01:13:22,755;mayra;aaahZ1ReZLKpO-;User 'wily coyote' has role /role/super-user
2002-02-25 01:19:47,917;mayra;aaahZ1ReZLKpO-;User 'wily coyote' (wily) is now authenticated for Session ID 'aaahZ1ReZLKpO-'
2002-02-25 01:19:47,918;mayra;aaahZ1ReZLKpO-;User 'wily coyote' has permissions {2, 3, 4, 5, 6, 7, 9}
2002-02-25 01:19:47,918;mayra;aaahZ1ReZLKpO-;User 'wily coyote' has role /role/super-user
2002-02-25 03:01:09,448;mayra;aaahZ1ReZLKpO-;User 'wily coyote' (wily) is now authenticated for Session ID 'aaahZ1ReZLKpO-'
2002-02-25 03:01:09,449;mayra;aaahZ1ReZLKpO-;User 'wily coyote' has permissions {2, 3, 4, 5, 6, 7, 9}
2002-02-25 03:01:09,449;mayra;aaahZ1ReZLKpO-;User 'wily coyote' has role /role/super-user
2002-02-25 03:06:14,578;mayra;aaahZ1ReZLKpO-;User 'ace' (ace) is now authenticated for Session ID 'aaahZ1ReZLKpO-'
2002-02-25 03:06:14,579;mayra;aaahZ1ReZLKpO-;User 'ace' has permissions {2, 3, 4, 5, 6, 7, 9}
2002-02-25 03:06:14,579;mayra;aaahZ1ReZLKpO-;User 'ace' has role /role/super-user
2002-02-25 03:39:12,295;mayra;aaahZ1ReZLKpO-;User 'ace' (ace) is now authenticated for Session ID 'aaahZ1ReZLKpO-'
2002-02-25 03:39:12,296;mayra;aaahZ1ReZLKpO-;User 'ace' has permissions {2, 3, 4, 5, 6, 7, 9}
2002-02-25 03:39:12,296;mayra;aaahZ1ReZLKpO-;User 'ace' has role /role/super-user
2002-02-25 03:45:41,428;mayra;aaahZ1ReZLKpO-;User 'ace' (ace) is now authenticated for Session ID 'aaahZ1ReZLKpO-'
2002-02-25 03:45:41,429;mayra;aaahZ1ReZLKpO-;User 'ace' has permissions {2, 3, 4, 5, 6, 7, 9}
2002-02-25 03:45:41,429;mayra;aaahZ1ReZLKpO-;User 'ace' has role /role/super-user
2002-02-25 03:50:27,497;mayra;aaahZ1ReZLKpO-;User 'ace' (ace) is now authenticated for Session ID 'aaahZ1ReZLKpO-'
2002-02-25 03:50:27,497;mayra;aaahZ1ReZLKpO-;User 'ace' has permissions {2, 3, 4, 5, 6, 7, 9}
2002-02-25 03:50:27,498;mayra;aaahZ1ReZLKpO-;User 'ace' has role /role/super-user
2002-02-25 03:52:30,488;mayra;aaahZ1ReZLKpO-;User 'wily coyote' (wily) is now authenticated for Session ID 'aaahZ1ReZLKpO-'
2002-02-25 03:52:30,489;mayra;aaahZ1ReZLKpO-;User 'wily coyote' has permissions {2, 3, 4, 5, 6, 7, 9}
2002-02-25 03:52:30,489;mayra;aaahZ1ReZLKpO-;User 'wily coyote' has role /role/super-user
2002-02-25 04:03:53,266;mayra;aaahZ1ReZLKpO-;User 'wily coyote' (wily) is now authenticated for Session ID 'aaahZ1ReZLKpO-'
2002-02-25 04:03:53,267;mayra;aaahZ1ReZLKpO-;User 'wily coyote' has permissions {2, 3, 4, 5, 6, 7, 9}
2002-02-25 04:03:53,267;mayra;aaahZ1ReZLKpO-;User 'wily coyote' has role /role/super-user
2002-02-25 04:13:59,287;mayra;aaahZ1ReZLKpO-;User 'wily coyote' (wily) is now authenticated for Session ID 'aaahZ1ReZLKpO-'
2002-02-25 04:13:59,288;mayra;aaahZ1ReZLKpO-;User 'wily coyote' has permissions {2, 3, 4, 5, 6, 7, 9}
2002-02-25 04:13:59,288;mayra;aaahZ1ReZLKpO-;User 'wily coyote' has role /role/super-user
2002-02-25 04:15:57,859;mayra;aaahZ1ReZLKpO-;User 'null' (elmer) is now authenticated for Session ID 'aaahZ1ReZLKpO-'
2002-02-25 04:15:57,860;mayra;aaahZ1ReZLKpO-;User 'null' has permissions {2, 3, 4, 5, 6, 7, 9}
2002-02-25 04:15:57,861;mayra;aaahZ1ReZLKpO-;User 'null' has role /role/super-user
2002-02-25 04:22:49,098;mayra;aaahZ1ReZLKpO-;User 'ace' (ace) is now authenticated for Session ID 'aaahZ1ReZLKpO-'
2002-02-25 04:22:49,099;mayra;aaahZ1ReZLKpO-;User 'ace' has permissions {2, 3, 4, 5, 6, 7, 9}
2002-02-25 04:22:49,099;mayra;aaahZ1ReZLKpO-;User 'ace' has role /role/super-user
2002-02-25 04:26:04,217;mayra;aaahZ1ReZLKpO-;User 'null' (bugs) is now authenticated for Session ID 'aaahZ1ReZLKpO-'
2002-02-25 04:26:04,217;mayra;aaahZ1ReZLKpO-;User 'null' has permissions {2, 3, 4, 5, 6, 7, 9}
2002-02-25 04:26:04,218;mayra;aaahZ1ReZLKpO-;User 'null' has role /role/super-user
2002-02-25 04:29:18,042;mayra;aaahZ1ReZLKpO-;User 'null' (bugs) is now authenticated for Session ID 'aaahZ1ReZLKpO-'
2002-02-25 04:29:18,042;mayra;aaahZ1ReZLKpO-;User 'null' has permissions {2, 3, 4, 5, 6, 7, 9}
2002-02-25 04:29:18,043;mayra;aaahZ1ReZLKpO-;User 'null' has role /role/super-user
2002-02-25 04:29:59,077;mayra;aaahZ1ReZLKpO-;User 'null' (bugs) is now authenticated for Session ID 'aaahZ1ReZLKpO-'
2002-02-25 04:29:59,078;mayra;aaahZ1ReZLKpO-;User 'null' has permissions {2, 3, 4, 5, 6, 7, 9}
2002-02-25 04:29:59,078;mayra;aaahZ1ReZLKpO-;User 'null' has role /role/super-user
2002-02-25 04:36:58,585;mayra;aaahZ1ReZLKpO-;User 'null' (bugs) is now authenticated for Session ID 'aaahZ1ReZLKpO-'
2002-02-25 04:36:58,585;mayra;aaahZ1ReZLKpO-;User 'null' has permissions {2, 3, 4, 5, 6, 7, 9}
2002-02-25 04:36:58,586;mayra;aaahZ1ReZLKpO-;User 'null' has role /role/super-user
2002-02-25 04:57:52,003;mayra;aaahZ1ReZLKpO-;User 'null' (bugs) is now authenticated for Session ID 'aaahZ1ReZLKpO-'
2002-02-25 04:57:52,004;mayra;aaahZ1ReZLKpO-;User 'null' has permissions {2, 3, 4, 5, 6, 7, 9}
2002-02-25 04:57:52,004;mayra;aaahZ1ReZLKpO-;User 'null' has role /role/super-user
2002-02-25 05:01:23,416;mayra;aaahZ1ReZLKpO-;User 'null' (bugs) is now authenticated for Session ID 'aaahZ1ReZLKpO-'
2002-02-25 05:01:23,416;mayra;aaahZ1ReZLKpO-;User 'null' has permissions {2, 3, 4, 5, 6, 7, 9}
2002-02-25 05:01:23,417;mayra;aaahZ1ReZLKpO-;User 'null' has role /role/super-user
2002-02-25 05:04:37,391;mayra;aaahZ1ReZLKpO-;User 'null' (bugs) is now authenticated for Session ID 'aaahZ1ReZLKpO-'
2002-02-25 05:04:37,392;mayra;aaahZ1ReZLKpO-;User 'null' has permissions {2, 3, 4, 5, 6, 7, 9}
2002-02-25 05:04:37,392;mayra;aaahZ1ReZLKpO-;User 'null' has role /role/super-user
2002-02-25 05:13:45,638;mayra;aaahZ1ReZLKpO-;User 'ace' (ace) is now authenticated for Session ID 'aaahZ1ReZLKpO-'
2002-02-25 05:13:45,638;mayra;aaahZ1ReZLKpO-;User 'ace' has permissions {2, 3, 4, 5, 6, 7, 9}
2002-02-25 05:13:45,638;mayra;aaahZ1ReZLKpO-;User 'ace' has role /role/super-user
2002-02-25 05:32:49,522;mayra;aaahZ1ReZLKpO- aaahZ1ReZLKpO-;User 'null' (bugs) is now authenticated for Session ID 'aaahZ1ReZLKpO-'
2002-02-25 05:32:49,522;mayra;aaahZ1ReZLKpO- aaahZ1ReZLKpO-;User 'null' has permissions {2, 3, 4, 5, 6, 7, 9}
2002-02-25 05:32:49,523;mayra;aaahZ1ReZLKpO- aaahZ1ReZLKpO-;User 'null' has role /role/super-user
2002-02-25 05:46:46,230;mayra;aaahZ1ReZLKpO-;User 'null' (bugs) is now authenticated for Session ID 'aaahZ1ReZLKpO-'
2002-02-25 05:46:46,231;mayra;aaahZ1ReZLKpO-;User 'null' has permissions {2, 3, 4, 5, 6, 7, 9}
2002-02-25 05:46:46,231;mayra;aaahZ1ReZLKpO-;User 'null' has role /role/super-user
2002-02-25 06:02:30,396;mayra;aaahZ1ReZLKpO-;User 'null' (bugs) is now authenticated for Session ID 'aaahZ1ReZLKpO-'
2002-02-25 06:02:30,396;mayra;aaahZ1ReZLKpO-;User 'null' has permissions {2, 3, 4, 5, 6, 7, 9}
2002-02-25 06:02:30,397;mayra;aaahZ1ReZLKpO-;User 'null' has role /role/super-user
2002-02-25 06:05:23,808;mayra;aaahZ1ReZLKpO- aaahZ1ReZLKpO-;User 'null' (bugs) is now authenticated for Session ID 'aaahZ1ReZLKpO-'
2002-02-25 06:05:23,809;mayra;aaahZ1ReZLKpO- aaahZ1ReZLKpO-;User 'null' has permissions {2, 3, 4, 5, 6, 7, 9}
2002-02-25 06:05:23,809;mayra;aaahZ1ReZLKpO- aaahZ1ReZLKpO-;User 'null' has role /role/super-user
2002-02-25 06:10:00,649;mayra;aaahZ1ReZLKpO-;User 'null' (bugs) is now authenticated for Session ID 'aaahZ1ReZLKpO-'
2002-02-25 06:10:00,650;mayra;aaahZ1ReZLKpO-;User 'null' has permissions {2, 3, 4, 5, 6, 7, 9}
2002-02-25 06:10:00,650;mayra;aaahZ1ReZLKpO-;User 'null' has role /role/super-user
2002-02-25 06:11:08,904;mayra;aaahZ1ReZLKpO-;User 'null' (bugs) is now authenticated for Session ID 'aaahZ1ReZLKpO-'
2002-02-25 06:11:08,904;mayra;aaahZ1ReZLKpO-;User 'null' has permissions {2, 3, 4, 5, 6, 7, 9}
2002-02-25 06:11:08,905;mayra;aaahZ1ReZLKpO-;User 'null' has role /role/super-user
2002-02-25 06:14:29,467;mayra;aaahZ1ReZLKpO-;User 'null' (bugs) is now authenticated for Session ID 'aaahZ1ReZLKpO-'
2002-02-25 06:14:29,467;mayra;aaahZ1ReZLKpO-;User 'null' has permissions {2, 3, 4, 5, 6, 7, 9}
2002-02-25 06:14:29,468;mayra;aaahZ1ReZLKpO-;User 'null' has role /role/super-user
2002-02-25 06:17:00,522;mayra;aaahZ1ReZLKpO-;User 'null' (bugs) is now authenticated for Session ID 'aaahZ1ReZLKpO-'
2002-02-25 06:17:00,522;mayra;aaahZ1ReZLKpO-;User 'null' has permissions {2, 3, 4, 5, 6, 7, 9}
2002-02-25 06:17:00,522;mayra;aaahZ1ReZLKpO-;User 'null' has role /role/super-user
2002-02-25 06:21:16,275;mayra;aaahZ1ReZLKpO-;User 'null' (bugs) is now authenticated for Session ID 'aaahZ1ReZLKpO-'
2002-02-25 06:21:16,276;mayra;aaahZ1ReZLKpO-;User 'null' has permissions {2, 3, 4, 5, 6, 7, 9}
2002-02-25 06:21:16,276;mayra;aaahZ1ReZLKpO-;User 'null' has role /role/super-user
2002-02-25 06:28:03,716;mayra;aaahZ1ReZLKpO-;User 'null' (bugs) is now authenticated for Session ID 'aaahZ1ReZLKpO-'
2002-02-25 06:28:03,717;mayra;aaahZ1ReZLKpO-;User 'null' has permissions {2, 3, 4, 5, 6, 7, 9}
2002-02-25 06:28:03,717;mayra;aaahZ1ReZLKpO-;User 'null' has role /role/super-user
2002-02-26 01:49:34,936;;aaa4clZiQL--B1;User 'wily coyote' (wily) is now authenticated for Session ID 'aaa4clZiQL--B1'
2002-02-26 01:49:34,937;;aaa4clZiQL--B1;User 'wily coyote' has permissions {2, 3, 4, 5, 6, 7, 9}
2002-02-26 01:49:34,937;;aaa4clZiQL--B1;User 'wily coyote' has role /role/super-user
2002-02-26 02:05:29,501;mayra;aaa4clZiQL--B1;User 'null' (bugs) is now authenticated for Session ID 'aaa4clZiQL--B1'
2002-02-26 02:05:29,501;mayra;aaa4clZiQL--B1;User 'null' has permissions {2, 3, 4, 5, 6, 7, 9}
2002-02-26 02:05:29,502;mayra;aaa4clZiQL--B1;User 'null' has role /role/super-user
2002-02-26 02:12:04,554;mayra;aaa4clZiQL--B1;User 'null' (bugs) is now authenticated for Session ID 'aaa4clZiQL--B1'
2002-02-26 02:12:04,554;mayra;aaa4clZiQL--B1;User 'null' has permissions {2, 3, 4, 5, 6, 7, 9}
2002-02-26 02:12:04,555;mayra;aaa4clZiQL--B1;User 'null' has role /role/super-user
2002-02-26 02:13:26,475;mayra;aaa4clZiQL--B1;User 'null' (bugs) is now authenticated for Session ID 'aaa4clZiQL--B1'
2002-02-26 02:13:26,475;mayra;aaa4clZiQL--B1;User 'null' has permissions {2, 3, 4, 5, 6, 7, 9}
2002-02-26 02:13:26,476;mayra;aaa4clZiQL--B1;User 'null' has role /role/super-user
2002-02-26 02:21:47,109;mayra;aaa4clZiQL--B1;User 'null' (bugs) is now authenticated for Session ID 'aaa4clZiQL--B1'
2002-02-26 02:21:47,110;mayra;aaa4clZiQL--B1;User 'null' has permissions {2, 3, 4, 5, 6, 7, 9}
2002-02-26 02:21:47,110;mayra;aaa4clZiQL--B1;User 'null' has role /role/super-user
2002-02-26 02:26:43,423;mayra;aaa4clZiQL--B1;User 'null' (bugs) is now authenticated for Session ID 'aaa4clZiQL--B1'
2002-02-26 02:26:43,424;mayra;aaa4clZiQL--B1;User 'null' has permissions {2, 3, 4, 5, 6, 7, 9}
2002-02-26 02:26:43,424;mayra;aaa4clZiQL--B1;User 'null' has role /role/super-user
2002-02-26 02:30:42,298;mayra;aaa4clZiQL--B1;User 'null' (bugs) is now authenticated for Session ID 'aaa4clZiQL--B1'
2002-02-26 02:30:42,299;mayra;aaa4clZiQL--B1;User 'null' has permissions {2, 3, 4, 5, 6, 7, 9}
2002-02-26 02:30:42,299;mayra;aaa4clZiQL--B1;User 'null' has role /role/super-user
2002-02-26 02:57:04,254;mayra;aaa4clZiQL--B1;User 'ace' (ace) is now authenticated for Session ID 'aaa4clZiQL--B1'
2002-02-26 02:57:04,254;mayra;aaa4clZiQL--B1;User 'ace' has permissions {2, 3, 4, 5, 6, 7, 9}
2002-02-26 02:57:04,255;mayra;aaa4clZiQL--B1;User 'ace' has role /role/super-user
2002-02-26 03:25:37,093;mayra;aaa4clZiQL--B1;User 'null' (bugs) is now authenticated for Session ID 'aaa4clZiQL--B1'
2002-02-26 03:25:37,093;mayra;aaa4clZiQL--B1;User 'null' has permissions {2, 3, 4, 5, 6, 7, 9}
2002-02-26 03:25:37,093;mayra;aaa4clZiQL--B1;User 'null' has role /role/super-user
2002-02-26 03:51:24,427;mayra;aaa4clZiQL--B1;User 'null' (bugs) is now authenticated for Session ID 'aaa4clZiQL--B1'
2002-02-26 03:51:24,427;mayra;aaa4clZiQL--B1;User 'null' has permissions {2, 3, 4, 5, 6, 7, 9}
2002-02-26 03:51:24,428;mayra;aaa4clZiQL--B1;User 'null' has role /role/super-user
2002-02-26 03:57:09,142;mayra;aaa4clZiQL--B1;User 'null' (bugs) is now authenticated for Session ID 'aaa4clZiQL--B1'
2002-02-26 03:57:09,142;mayra;aaa4clZiQL--B1;User 'null' has permissions {2, 3, 4, 5, 6, 7, 9}
2002-02-26 03:57:09,143;mayra;aaa4clZiQL--B1;User 'null' has role /role/super-user
2002-02-26 04:02:28,499;mayra;aaa4clZiQL--B1;User 'null' (bugs) is now authenticated for Session ID 'aaa4clZiQL--B1'
2002-02-26 04:02:28,499;mayra;aaa4clZiQL--B1;User 'null' has permissions {2, 3, 4, 5, 6, 7, 9}
2002-02-26 04:02:28,500;mayra;aaa4clZiQL--B1;User 'null' has role /role/super-user
2002-02-26 04:16:48,519;mayra;aaa4clZiQL--B1;User 'ace' (ace) is now authenticated for Session ID 'aaa4clZiQL--B1'
2002-02-26 04:16:48,519;mayra;aaa4clZiQL--B1;User 'ace' has permissions {2, 3, 4, 5, 6, 7, 9}
2002-02-26 04:16:48,520;mayra;aaa4clZiQL--B1;User 'ace' has role /role/super-user
2002-02-26 04:21:57,761;mayra;aaa4clZiQL--B1;User 'null' (bugs) is now authenticated for Session ID 'aaa4clZiQL--B1'
2002-02-26 04:21:57,761;mayra;aaa4clZiQL--B1;User 'null' has permissions {2, 3, 4, 5, 6, 7, 9}
2002-02-26 04:21:57,762;mayra;aaa4clZiQL--B1;User 'null' has role /role/super-user
2002-02-26 04:31:50,763;mayra;aaa4clZiQL--B1;User 'null' (bugs) is now authenticated for Session ID 'aaa4clZiQL--B1'
2002-02-26 04:31:50,763;mayra;aaa4clZiQL--B1;User 'null' has permissions {2, 3, 4, 5, 6, 7, 9}
2002-02-26 04:31:50,763;mayra;aaa4clZiQL--B1;User 'null' has role /role/super-user
2002-02-26 04:49:15,543;mayra;aaaaJS1Qqy-HZZ;User 'null' (bugs) is now authenticated for Session ID 'aaaaJS1Qqy-HZZ'
2002-02-26 04:49:15,543;mayra;aaaaJS1Qqy-HZZ;User 'null' has permissions {2, 3, 4, 5, 6, 7, 9}
2002-02-26 04:49:15,543;mayra;aaaaJS1Qqy-HZZ;User 'null' has role /role/super-user
2002-02-26 05:00:18,678;mayra;aaa4cfW940AFTI;User 'null' (bugs) is now authenticated for Session ID 'aaa4cfW940AFTI'
2002-02-26 05:00:18,678;mayra;aaa4cfW940AFTI;User 'null' has permissions {2, 3, 4, 5, 6, 7, 9}
2002-02-26 05:00:18,679;mayra;aaa4cfW940AFTI;User 'null' has role /role/super-user
2002-02-26 16:32:08,320;mayra;aaacqF2Nbgxo4G;User 'ace' (ace) is now authenticated for Session ID 'aaacqF2Nbgxo4G'
2002-02-26 16:32:08,327;mayra;aaacqF2Nbgxo4G;User 'ace' has permissions {2, 3, 4, 5, 6, 7, 9}
2002-02-26 16:32:08,328;mayra;aaacqF2Nbgxo4G;User 'ace' has role /role/super-user
2002-02-26 17:16:51,749;mayra;aaac1qbXQs-7KZ;User 'wily coyote' (wily) is now authenticated for Session ID 'aaac1qbXQs-7KZ'
2002-02-26 17:16:51,749;mayra;aaac1qbXQs-7KZ;User 'wily coyote' has permissions {2, 3, 4, 5, 6, 7, 9}
2002-02-26 17:16:51,749;mayra;aaac1qbXQs-7KZ;User 'wily coyote' has role /role/super-user
2002-02-26 17:47:25,843;mayra;aaacqF2Nbgxo4G;User 'null' (bugs) is now authenticated for Session ID 'aaacqF2Nbgxo4G'
2002-02-26 17:47:25,843;mayra;aaacqF2Nbgxo4G;User 'null' has permissions {2, 3, 4, 5, 6, 7, 9}
2002-02-26 17:47:25,843;mayra;aaacqF2Nbgxo4G;User 'null' has role /role/super-user
2002-02-26 17:53:19,717;mayra;aaabtdlbG2ixID;User 'wily coyote' (wily) is now authenticated for Session ID 'aaabtdlbG2ixID'
2002-02-26 17:53:19,717;mayra;aaabtdlbG2ixID;User 'wily coyote' has permissions {2, 3, 4, 5, 6, 7, 9}
2002-02-26 17:53:19,717;mayra;aaabtdlbG2ixID;User 'wily coyote' has role /role/super-user
2002-02-26 18:46:17,013;mayra;aaacqF2Nbgxo4G;User 'ace' (ace) is now authenticated for Session ID 'aaacqF2Nbgxo4G'
2002-02-26 18:46:17,014;mayra;aaacqF2Nbgxo4G;User 'ace' has permissions {2, 3, 4, 5, 6, 7, 9}
2002-02-26 18:46:17,014;mayra;aaacqF2Nbgxo4G;User 'ace' has role /role/super-user
2002-02-26 21:37:22,709;mayra;aaa_-e0pIj_EW1;User 'null' (bugs) is now authenticated for Session ID 'aaa_-e0pIj_EW1'
2002-02-26 21:37:22,718;mayra;aaa_-e0pIj_EW1;User 'null' has permissions {2, 3, 4, 5, 6, 7, 9}
2002-02-26 21:37:22,718;mayra;aaa_-e0pIj_EW1;User 'null' has role /role/super-user
2002-02-26 22:13:06,523;mayra;aaagQioISU_FDv;User 'wily coyote' (wily) is now authenticated for Session ID 'aaagQioISU_FDv'
2002-02-26 22:13:06,523;mayra;aaagQioISU_FDv;User 'wily coyote' has permissions {2, 3, 4, 5, 6, 7, 9}
2002-02-26 22:13:06,523;mayra;aaagQioISU_FDv;User 'wily coyote' has role /role/super-user
2002-02-26 22:52:13,429;mayra;aaabtdlbG2ixID;User 'null' (bugs) is now authenticated for Session ID 'aaabtdlbG2ixID'
2002-02-26 22:52:13,429;mayra;aaabtdlbG2ixID;User 'null' has permissions {2, 3, 4, 5, 6, 7, 9}
2002-02-26 22:52:13,429;mayra;aaabtdlbG2ixID;User 'null' has role /role/super-user
2002-02-26 23:19:08,574;mayra;aaa_-e0pIj_EW1;User 'null' (bugs) is now authenticated for Session ID 'aaa_-e0pIj_EW1'
2002-02-26 23:19:08,574;mayra;aaa_-e0pIj_EW1;User 'null' has permissions {2, 3, 4, 5, 6, 7, 9}
2002-02-26 23:19:08,574;mayra;aaa_-e0pIj_EW1;User 'null' has role /role/super-user
2002-02-26 23:22:05,965;mayra;aaabtdlbG2ixID;User 'null' (bugs) is now authenticated for Session ID 'aaabtdlbG2ixID'
2002-02-26 23:22:05,966;mayra;aaabtdlbG2ixID;User 'null' has permissions {2, 3, 4, 5, 6, 7, 9}
2002-02-26 23:22:05,966;mayra;aaabtdlbG2ixID;User 'null' has role /role/super-user
2002-02-27 04:07:38,401;mayra;aaafo-DdhVYo8U;User 'ace' (ace) is now authenticated for Session ID 'aaafo-DdhVYo8U'
2002-02-27 04:07:38,401;mayra;aaafo-DdhVYo8U;User 'ace' has permissions {2, 3, 4, 5, 6, 7, 9}
2002-02-27 04:07:38,401;mayra;aaafo-DdhVYo8U;User 'ace' has role /role/super-user
2002-02-27 04:22:25,725;mayra;aaafo-DdhVYo8U;User 'wily coyote' (wily) is now authenticated for Session ID 'aaafo-DdhVYo8U'
2002-02-27 04:22:25,725;mayra;aaafo-DdhVYo8U;User 'wily coyote' has permissions {2, 3, 4, 5, 6, 7, 9}
2002-02-27 04:22:25,726;mayra;aaafo-DdhVYo8U;User 'wily coyote' has role /role/super-user
2002-02-27 04:24:45,590;mayra;aaafo-DdhVYo8U;User 'wily coyote' (wily) is now authenticated for Session ID 'aaafo-DdhVYo8U'
2002-02-27 04:24:45,590;mayra;aaafo-DdhVYo8U;User 'wily coyote' has permissions {2, 3, 4, 5, 6, 7, 9}
2002-02-27 04:24:45,590;mayra;aaafo-DdhVYo8U;User 'wily coyote' has role /role/super-user
2002-02-27 04:25:53,337;mayra;aaafo-DdhVYo8U;User 'wily coyote' (wily) is now authenticated for Session ID 'aaafo-DdhVYo8U'
2002-02-27 04:25:53,337;mayra;aaafo-DdhVYo8U;User 'wily coyote' has permissions {2, 3, 4, 5, 6, 7, 9}
2002-02-27 04:25:53,337;mayra;aaafo-DdhVYo8U;User 'wily coyote' has role /role/super-user
2002-02-27 04:29:32,020;mayra;aaagSqLz0NyODc;User 'wily coyote' (wily) is now authenticated for Session ID 'aaagSqLz0NyODc'
2002-02-27 04:29:32,020;mayra;aaagSqLz0NyODc;User 'wily coyote' has permissions {2, 3, 4, 5, 6, 7, 9}
2002-02-27 04:29:32,020;mayra;aaagSqLz0NyODc;User 'wily coyote' has role /role/super-user
2002-02-27 04:34:38,113;mayra;aaafo-DdhVYo8U;User 'wily coyote' (wily) is now authenticated for Session ID 'aaafo-DdhVYo8U'
2002-02-27 04:34:38,113;mayra;aaafo-DdhVYo8U;User 'wily coyote' has permissions {2, 3, 4, 5, 6, 7, 9}
2002-02-27 04:34:38,113;mayra;aaafo-DdhVYo8U;User 'wily coyote' has role /role/super-user
2002-02-27 04:37:32,438;mayra;aaafo-DdhVYo8U;User 'null' (bugs) is now authenticated for Session ID 'aaafo-DdhVYo8U'
2002-02-27 04:37:32,439;mayra;aaafo-DdhVYo8U;User 'null' has permissions {2, 3, 4, 5, 6, 7, 9}
2002-02-27 04:37:32,439;mayra;aaafo-DdhVYo8U;User 'null' has role /role/super-user
2002-02-27 04:42:30,916;mayra;aaafo-DdhVYo8U;User 'null' (bugs) is now authenticated for Session ID 'aaafo-DdhVYo8U'
2002-02-27 04:42:30,916;mayra;aaafo-DdhVYo8U;User 'null' has permissions {2, 3, 4, 5, 6, 7, 9}
2002-02-27 04:42:30,916;mayra;aaafo-DdhVYo8U;User 'null' has role /role/super-user
2002-02-27 04:49:20,094;mayra;aaafo-DdhVYo8U;User 'null' (bugs) is now authenticated for Session ID 'aaafo-DdhVYo8U'
2002-02-27 04:49:20,094;mayra;aaafo-DdhVYo8U;User 'null' has permissions {2, 3, 4, 5, 6, 7, 9}
2002-02-27 04:49:20,094;mayra;aaafo-DdhVYo8U;User 'null' has role /role/super-user
2002-02-27 05:07:45,473;mayra;aaafo-DdhVYo8U;User 'null' (bugs) is now authenticated for Session ID 'aaafo-DdhVYo8U'
2002-02-27 05:07:45,485;mayra;aaafo-DdhVYo8U;User 'null' has permissions {2, 3, 4, 5, 6, 7, 9}
2002-02-27 05:07:45,485;mayra;aaafo-DdhVYo8U;User 'null' has role /role/super-user
2002-02-27 05:13:38,026;mayra;aaafo-DdhVYo8U;User 'null' (bugs) is now authenticated for Session ID 'aaafo-DdhVYo8U'
2002-02-27 05:13:38,026;mayra;aaafo-DdhVYo8U;User 'null' has permissions {2, 3, 4, 5, 6, 7, 9}
2002-02-27 05:13:38,026;mayra;aaafo-DdhVYo8U;User 'null' has role /role/super-user
2002-02-27 05:16:23,756;mayra;aaafo-DdhVYo8U;User 'null' (bugs) is now authenticated for Session ID 'aaafo-DdhVYo8U'
2002-02-27 05:16:23,756;mayra;aaafo-DdhVYo8U;User 'null' has permissions {2, 3, 4, 5, 6, 7, 9}
2002-02-27 05:16:23,756;mayra;aaafo-DdhVYo8U;User 'null' has role /role/super-user
2002-02-27 05:24:55,452;mayra;aaafo-DdhVYo8U;User 'null' (bugs) is now authenticated for Session ID 'aaafo-DdhVYo8U'
2002-02-27 05:24:55,452;mayra;aaafo-DdhVYo8U;User 'null' has permissions {2, 3, 4, 5, 6, 7, 9}
2002-02-27 05:24:55,452;mayra;aaafo-DdhVYo8U;User 'null' has role /role/super-user
2002-02-27 06:20:32,741;mayra;aaa4RJ7yzP3sjm;User 'ace' (ace) is now authenticated for Session ID 'aaa4RJ7yzP3sjm'
2002-02-27 06:20:32,741;mayra;aaa4RJ7yzP3sjm;User 'ace' has permissions {2, 3, 4, 5, 6, 7, 9}
2002-02-27 06:20:32,741;mayra;aaa4RJ7yzP3sjm;User 'ace' has role /role/super-user
2002-02-27 07:17:05,371;mayra;aaafo-DdhVYo8U;User 'wily coyote' (wily) is now authenticated for Session ID 'aaafo-DdhVYo8U'
2002-02-27 07:17:05,371;mayra;aaafo-DdhVYo8U;User 'wily coyote' has permissions {2, 3, 4, 5, 6, 7, 9}
2002-02-27 07:17:05,371;mayra;aaafo-DdhVYo8U;User 'wily coyote' has role /role/super-user
2002-02-27 07:17:44,564;mayra;aaafo-DdhVYo8U;User 'null' (bugs) is now authenticated for Session ID 'aaafo-DdhVYo8U'
2002-02-27 07:17:44,564;mayra;aaafo-DdhVYo8U;User 'null' has permissions {2, 3, 4, 5, 6, 7, 9}
2002-02-27 07:17:44,564;mayra;aaafo-DdhVYo8U;User 'null' has role /role/super-user
2002-02-27 07:33:08,131;mayra;aaafo-DdhVYo8U;User 'null' (bugs) is now authenticated for Session ID 'aaafo-DdhVYo8U'
2002-02-27 07:33:08,132;mayra;aaafo-DdhVYo8U;User 'null' has permissions {2, 3, 4, 5, 6, 7, 9}
2002-02-27 07:33:08,132;mayra;aaafo-DdhVYo8U;User 'null' has role /role/super-user
2002-02-27 07:35:35,124;mayra;aaafo-DdhVYo8U;User 'wily coyote' (wily) is now authenticated for Session ID 'aaafo-DdhVYo8U'
2002-02-27 07:35:35,124;mayra;aaafo-DdhVYo8U;User 'wily coyote' has permissions {2, 3, 4, 5, 6, 7, 9}
2002-02-27 07:35:35,124;mayra;aaafo-DdhVYo8U;User 'wily coyote' has role /role/super-user
2002-02-27 11:58:09,791;mayra;aaa9pquJ-n-XzN;User 'null' (bugs) is now authenticated for Session ID 'aaa9pquJ-n-XzN'
2002-02-27 11:58:09,794;mayra;aaa9pquJ-n-XzN;User 'null' has permissions {2, 3, 4, 5, 6, 7, 9}
2002-02-27 11:58:09,794;mayra;aaa9pquJ-n-XzN;User 'null' has role /role/super-user
2002-02-27 11:59:53,869;mayra;aaa9pquJ-n-XzN;User 'wily coyote' (wily) is now authenticated for Session ID 'aaa9pquJ-n-XzN'
2002-02-27 11:59:53,869;mayra;aaa9pquJ-n-XzN;User 'wily coyote' has permissions {2, 3, 4, 5, 6, 7, 9}
2002-02-27 11:59:53,869;mayra;aaa9pquJ-n-XzN;User 'wily coyote' has role /role/super-user
2002-02-27 12:02:27,267;mayra;aaa9pquJ-n-XzN;User 'null' (bugs) is now authenticated for Session ID 'aaa9pquJ-n-XzN'
2002-02-27 12:02:27,267;mayra;aaa9pquJ-n-XzN;User 'null' has permissions {2, 3, 4, 5, 6, 7, 9}
2002-02-27 12:02:27,267;mayra;aaa9pquJ-n-XzN;User 'null' has role /role/super-user
2002-02-27 12:03:03,401;mayra;aaa9pquJ-n-XzN;User 'wily coyote' (wily) is now authenticated for Session ID 'aaa9pquJ-n-XzN'
2002-02-27 12:03:03,401;mayra;aaa9pquJ-n-XzN;User 'wily coyote' has permissions {2, 3, 4, 5, 6, 7, 9}
2002-02-27 12:03:03,401;mayra;aaa9pquJ-n-XzN;User 'wily coyote' has role /role/super-user
2002-02-27 14:32:37,796;mayra;aaad-WLr8KTuyQ;User 'null' (bugs) is now authenticated for Session ID 'aaad-WLr8KTuyQ'
2002-02-27 14:32:37,797;mayra;aaad-WLr8KTuyQ;User 'null' has permissions {2, 3, 4, 5, 6, 7, 9}
2002-02-27 14:32:37,797;mayra;aaad-WLr8KTuyQ;User 'null' has role /role/super-user
2002-02-27 15:40:17,008;mayra;aaadvqUJOuqRb8;User 'wily coyote' (wily) is now authenticated for Session ID 'aaadvqUJOuqRb8'
2002-02-27 15:40:17,008;mayra;aaadvqUJOuqRb8;User 'wily coyote' has permissions {2, 3, 4, 5, 6, 7, 9}
2002-02-27 15:40:17,008;mayra;aaadvqUJOuqRb8;User 'wily coyote' has role /role/super-user
2002-02-27 17:19:11,189;mayra;aaa45YrEzsU7YX;User 'wily coyote' (wily) is now authenticated for Session ID 'aaa45YrEzsU7YX'
2002-02-27 17:19:11,189;mayra;aaa45YrEzsU7YX;User 'wily coyote' has permissions {2, 3, 4, 5, 6, 7, 9}
2002-02-27 17:19:11,189;mayra;aaa45YrEzsU7YX;User 'wily coyote' has role /role/super-user
2002-02-27 17:21:11,357;mayra;aaa45YrEzsU7YX;User 'wily coyote' (wily) is now authenticated for Session ID 'aaa45YrEzsU7YX'
2002-02-27 17:21:11,357;mayra;aaa45YrEzsU7YX;User 'wily coyote' has permissions {2, 3, 4, 5, 6, 7, 9}
2002-02-27 17:21:11,357;mayra;aaa45YrEzsU7YX;User 'wily coyote' has role /role/super-user
2002-02-27 17:23:24,145;mayra;aaa45YrEzsU7YX;User 'null' (jdennon) is now authenticated for Session ID 'aaa45YrEzsU7YX'
2002-02-27 17:23:24,145;mayra;aaa45YrEzsU7YX;User 'null' has permissions {2, 3, 4, 5, 6, 7, 9}
2002-02-27 17:23:24,145;mayra;aaa45YrEzsU7YX;User 'null' has role /role/super-user
2002-02-27 17:26:23,035;mayra;aaa45YrEzsU7YX;User 'wily coyote' (wily) is now authenticated for Session ID 'aaa45YrEzsU7YX'
2002-02-27 17:26:23,035;mayra;aaa45YrEzsU7YX;User 'wily coyote' has permissions {2, 3, 4, 5, 6, 7, 9}
2002-02-27 17:26:23,035;mayra;aaa45YrEzsU7YX;User 'wily coyote' has role /role/super-user
2002-02-27 17:27:36,452;mayra;aaa45YrEzsU7YX;User 'wily coyote' (wily) is now authenticated for Session ID 'aaa45YrEzsU7YX'
2002-02-27 17:27:36,452;mayra;aaa45YrEzsU7YX;User 'wily coyote' has permissions {2, 3, 4, 5, 6, 7, 9}
2002-02-27 17:27:36,452;mayra;aaa45YrEzsU7YX;User 'wily coyote' has role /role/super-user
2002-02-27 17:28:28,334;mayra;aaa45YrEzsU7YX;User 'null' (dbrown) is now authenticated for Session ID 'aaa45YrEzsU7YX'
2002-02-27 17:28:28,334;mayra;aaa45YrEzsU7YX;User 'null' has permissions {2, 3, 4, 5, 6, 7, 9}
2002-02-27 17:28:28,334;mayra;aaa45YrEzsU7YX;User 'null' has role /role/super-user
2002-02-27 17:29:39,325;mayra;aaa45YrEzsU7YX;User 'wily coyote' (wily) is now authenticated for Session ID 'aaa45YrEzsU7YX'
2002-02-27 17:29:39,325;mayra;aaa45YrEzsU7YX;User 'wily coyote' has permissions {2, 3, 4, 5, 6, 7, 9}
2002-02-27 17:29:39,325;mayra;aaa45YrEzsU7YX;User 'wily coyote' has role /role/super-user
2002-02-28 03:19:53,727;mayra;aaadvqUJOuqRb8;User 'wily coyote' (wily) is now authenticated for Session ID 'aaadvqUJOuqRb8'
2002-02-28 03:19:53,727;mayra;aaadvqUJOuqRb8;User 'wily coyote' has permissions {2, 3, 4, 5, 6, 7, 9}
2002-02-28 03:19:53,727;mayra;aaadvqUJOuqRb8;User 'wily coyote' has role /role/super-user
2002-02-28 23:58:59,378;mayra;aaahwjWZr6DQCz;User 'null' (bugs) is now authenticated for Session ID 'aaahwjWZr6DQCz'
2002-02-28 23:58:59,386;mayra;aaahwjWZr6DQCz;User 'null' has permissions {2, 3, 4, 5, 6, 7, 9}
2002-02-28 23:58:59,386;mayra;aaahwjWZr6DQCz;User 'null' has role /role/super-user
2002-03-01 00:06:31,080;mayra;aaahwjWZr6DQCz aaahwjWZr6DQCz;User 'wily coyote' (wily) is now authenticated for Session ID 'aaahwjWZr6DQCz'
2002-03-01 00:06:31,081;mayra;aaahwjWZr6DQCz aaahwjWZr6DQCz;User 'wily coyote' has permissions {2, 3, 4, 5, 6, 7, 9}
2002-03-01 00:06:31,081;mayra;aaahwjWZr6DQCz aaahwjWZr6DQCz;User 'wily coyote' has role /role/super-user
